rm: cannot remove 'trained-models/xr_model_wiki10-31k': Is a directory
/var/spool/slurmd/job23530796/slurm_script: line 14: UID: readonly variable
05/02/2024 16:10:45 - INFO - __main__ - Setting random seed 0
05/02/2024 16:10:45 - INFO - __main__ - Loaded training feature matrix with shape=(14146, 101938)
05/02/2024 16:10:45 - INFO - __main__ - Loaded training label matrix with shape=(14146, 30938)
05/02/2024 16:10:46 - INFO - __main__ - Loaded 14146 training sequences
05/02/2024 16:10:50 - INFO - pecos.xmc.xtransformer.model - Hierarchical label tree: [128, 2048, 30938]
05/02/2024 16:10:50 - INFO - pecos.xmc.xtransformer.model - Fine-tune Transformers with nr_labels=[128, 2048, 30938]
05/02/2024 16:10:50 - INFO - pecos.xmc.xtransformer.model - Fine-tuning XR-Transformer with tfn+man at level 0, nr_labels=128, avr_M_nnz=128
05/02/2024 16:10:51 - INFO - pecos.xmc.xtransformer.matcher - Downloaded bert-base-uncased model from s3.
05/02/2024 16:10:51 - INFO - pecos.xmc.xtransformer.matcher - ***** Encoding data len=14146 truncation=256*****
05/02/2024 16:11:04 - INFO - pecos.xmc.xtransformer.matcher - ***** Finished with time cost=12.919999599456787 *****
05/02/2024 16:11:12 - INFO - pecos.xmc.xtransformer.matcher - trn tensors saved to /scratch/slurm_tmpdir/job_23530796/tmpo2pzph4q/X_trn.pt
05/02/2024 16:11:13 - INFO - pecos.utils.torch_util - Setting device to cuda, number of active GPUs: 1
05/02/2024 16:11:13 - INFO - pecos.xmc.xtransformer.matcher - Start fine-tuning transformer matcher...
05/02/2024 16:11:13 - INFO - pecos.xmc.xtransformer.module - Constructed XMCTextTensorizer, tokenized=True, len=14146
/home/ul/ul_student/ul_ruw26/.local/lib/python3.9/site-packages/transformers/optimization.py:429: FutureWarning: This implementation of AdamW is deprecated and will be removed in a future version. Use the PyTorch implementation torch.optim.AdamW instead, or set `no_deprecation_warning=True` to disable this warning
  warnings.warn(
05/02/2024 16:11:13 - INFO - pecos.xmc.xtransformer.matcher - ***** Running training *****
05/02/2024 16:11:13 - INFO - pecos.xmc.xtransformer.matcher -   Num examples = 14146
05/02/2024 16:11:13 - INFO - pecos.xmc.xtransformer.matcher -   Num labels = 128
05/02/2024 16:11:13 - INFO - pecos.xmc.xtransformer.matcher -   Num Epochs = 3
05/02/2024 16:11:13 - INFO - pecos.xmc.xtransformer.matcher -   Learning Rate Schedule = linear
05/02/2024 16:11:13 - INFO - pecos.xmc.xtransformer.matcher -   Batch size = 32
05/02/2024 16:11:13 - INFO - pecos.xmc.xtransformer.matcher -   Gradient Accumulation steps = 1
05/02/2024 16:11:13 - INFO - pecos.xmc.xtransformer.matcher -   Total optimization steps = 1000
05/02/2024 16:11:33 - INFO - pecos.xmc.xtransformer.matcher - | [   1/   3][    50/  1000] |   49/ 443 batches | ms/batch 324.8176 | train_loss 9.777567e-01 | lr 2.500000e-05
05/02/2024 16:11:49 - INFO - pecos.xmc.xtransformer.matcher - | [   1/   3][   100/  1000] |   99/ 443 batches | ms/batch 308.2308 | train_loss 4.654887e-01 | lr 5.000000e-05
05/02/2024 16:12:06 - INFO - pecos.xmc.xtransformer.matcher - | [   1/   3][   150/  1000] |  149/ 443 batches | ms/batch 309.3404 | train_loss 3.838973e-01 | lr 4.722222e-05
05/02/2024 16:12:22 - INFO - pecos.xmc.xtransformer.matcher - | [   1/   3][   200/  1000] |  199/ 443 batches | ms/batch 310.5151 | train_loss 3.344387e-01 | lr 4.444444e-05
05/02/2024 16:12:22 - INFO - pecos.xmc.xtransformer.matcher - | **** saving model (avg_prec=0) to /scratch/slurm_tmpdir/job_23530796/tmp56v_up6f at global_step 200 ****
05/02/2024 16:12:23 - INFO - pecos.xmc.xtransformer.matcher - -----------------------------------------------------------------------------------------
05/02/2024 16:12:39 - INFO - pecos.xmc.xtransformer.matcher - | [   1/   3][   250/  1000] |  249/ 443 batches | ms/batch 311.5498 | train_loss 3.050309e-01 | lr 4.166667e-05
05/02/2024 16:12:55 - INFO - pecos.xmc.xtransformer.matcher - | [   1/   3][   300/  1000] |  299/ 443 batches | ms/batch 313.3517 | train_loss 2.908817e-01 | lr 3.888889e-05
05/02/2024 16:13:12 - INFO - pecos.xmc.xtransformer.matcher - | [   1/   3][   350/  1000] |  349/ 443 batches | ms/batch 314.1001 | train_loss 2.749389e-01 | lr 3.611111e-05
05/02/2024 16:13:29 - INFO - pecos.xmc.xtransformer.matcher - | [   1/   3][   400/  1000] |  399/ 443 batches | ms/batch 315.8455 | train_loss 2.737701e-01 | lr 3.333333e-05
05/02/2024 16:13:29 - INFO - pecos.xmc.xtransformer.matcher - | **** saving model (avg_prec=0) to /scratch/slurm_tmpdir/job_23530796/tmp56v_up6f at global_step 400 ****
05/02/2024 16:13:29 - INFO - pecos.xmc.xtransformer.matcher - -----------------------------------------------------------------------------------------
05/02/2024 16:13:49 - INFO - pecos.xmc.xtransformer.matcher - | [   2/   3][   450/  1000] |    6/ 443 batches | ms/batch 310.4114 | train_loss 2.591828e-01 | lr 3.055556e-05
05/02/2024 16:14:05 - INFO - pecos.xmc.xtransformer.matcher - | [   2/   3][   500/  1000] |   56/ 443 batches | ms/batch 316.6910 | train_loss 2.546116e-01 | lr 2.777778e-05
05/02/2024 16:14:22 - INFO - pecos.xmc.xtransformer.matcher - | [   2/   3][   550/  1000] |  106/ 443 batches | ms/batch 316.3011 | train_loss 2.518338e-01 | lr 2.500000e-05
05/02/2024 16:14:39 - INFO - pecos.xmc.xtransformer.matcher - | [   2/   3][   600/  1000] |  156/ 443 batches | ms/batch 316.0693 | train_loss 2.548783e-01 | lr 2.222222e-05
05/02/2024 16:14:39 - INFO - pecos.xmc.xtransformer.matcher - | **** saving model (avg_prec=0) to /scratch/slurm_tmpdir/job_23530796/tmp56v_up6f at global_step 600 ****
05/02/2024 16:14:39 - INFO - pecos.xmc.xtransformer.matcher - -----------------------------------------------------------------------------------------
05/02/2024 16:14:56 - INFO - pecos.xmc.xtransformer.matcher - | [   2/   3][   650/  1000] |  206/ 443 batches | ms/batch 316.0306 | train_loss 2.486589e-01 | lr 1.944444e-05
05/02/2024 16:15:12 - INFO - pecos.xmc.xtransformer.matcher - | [   2/   3][   700/  1000] |  256/ 443 batches | ms/batch 316.3457 | train_loss 2.448264e-01 | lr 1.666667e-05
05/02/2024 16:15:29 - INFO - pecos.xmc.xtransformer.matcher - | [   2/   3][   750/  1000] |  306/ 443 batches | ms/batch 316.7130 | train_loss 2.384545e-01 | lr 1.388889e-05
05/02/2024 16:15:46 - INFO - pecos.xmc.xtransformer.matcher - | [   2/   3][   800/  1000] |  356/ 443 batches | ms/batch 316.6391 | train_loss 2.450247e-01 | lr 1.111111e-05
05/02/2024 16:15:46 - INFO - pecos.xmc.xtransformer.matcher - | **** saving model (avg_prec=0) to /scratch/slurm_tmpdir/job_23530796/tmp56v_up6f at global_step 800 ****
05/02/2024 16:15:46 - INFO - pecos.xmc.xtransformer.matcher - -----------------------------------------------------------------------------------------
05/02/2024 16:16:03 - INFO - pecos.xmc.xtransformer.matcher - | [   2/   3][   850/  1000] |  406/ 443 batches | ms/batch 316.0605 | train_loss 2.404745e-01 | lr 8.333333e-06
05/02/2024 16:16:22 - INFO - pecos.xmc.xtransformer.matcher - | [   3/   3][   900/  1000] |   13/ 443 batches | ms/batch 309.9530 | train_loss 2.379508e-01 | lr 5.555556e-06
05/02/2024 16:16:39 - INFO - pecos.xmc.xtransformer.matcher - | [   3/   3][   950/  1000] |   63/ 443 batches | ms/batch 314.8133 | train_loss 2.308207e-01 | lr 2.777778e-06
05/02/2024 16:16:55 - INFO - pecos.xmc.xtransformer.matcher - | [   3/   3][  1000/  1000] |  113/ 443 batches | ms/batch 314.9688 | train_loss 2.338231e-01 | lr 0.000000e+00
05/02/2024 16:16:55 - INFO - pecos.xmc.xtransformer.matcher - | **** saving model (avg_prec=0) to /scratch/slurm_tmpdir/job_23530796/tmp56v_up6f at global_step 1000 ****
05/02/2024 16:16:56 - INFO - pecos.xmc.xtransformer.matcher - -----------------------------------------------------------------------------------------
05/02/2024 16:16:56 - INFO - pecos.xmc.xtransformer.matcher - Reload the best checkpoint from /scratch/slurm_tmpdir/job_23530796/tmp56v_up6f
05/02/2024 16:16:57 - INFO - pecos.xmc.xtransformer.matcher - Predict on input text tensors(torch.Size([14146, 256])) in OVA mode
05/02/2024 16:16:57 - INFO - pecos.xmc.xtransformer.module - Constructed XMCTextTensorizer, tokenized=True, len=14146
05/02/2024 16:17:48 - INFO - pecos.xmc.xtransformer.matcher - Concatenating instance embeddings with features...
05/02/2024 16:17:48 - INFO - pecos.xmc.xtransformer.matcher - Start training concat_model of transformer matcher...
05/02/2024 16:18:00 - INFO - pecos.xmc.xtransformer.matcher - Using concat-only for transformer/concat ensemble of pred_csr
05/02/2024 16:18:03 - INFO - pecos.xmc.xtransformer.model - Fine-tuning XR-Transformer with tfn+man at level 1, nr_labels=2048, avr_M_nnz=20.49384985154814
05/02/2024 16:18:04 - INFO - pecos.xmc.xtransformer.matcher - Downloaded bert-base-uncased model from s3.
05/02/2024 16:18:15 - INFO - pecos.xmc.xtransformer.matcher - trn tensors loaded_from /scratch/slurm_tmpdir/job_23530796/tmpo2pzph4q/X_trn.pt
05/02/2024 16:18:15 - INFO - pecos.xmc.xtransformer.matcher - Continue training form given text_encoder!
05/02/2024 16:18:45 - INFO - pecos.xmc.xtransformer.matcher - Initialized transformer text_model with xlinear!
05/02/2024 16:18:45 - INFO - pecos.utils.torch_util - Setting device to cuda, number of active GPUs: 1
05/02/2024 16:18:46 - INFO - pecos.xmc.xtransformer.matcher - Start fine-tuning transformer matcher...
05/02/2024 16:18:46 - INFO - pecos.xmc.xtransformer.module - Constructed XMCTextTensorizer, tokenized=True, len=14146
/home/ul/ul_student/ul_ruw26/.local/lib/python3.9/site-packages/transformers/optimization.py:429: FutureWarning: This implementation of AdamW is deprecated and will be removed in a future version. Use the PyTorch implementation torch.optim.AdamW instead, or set `no_deprecation_warning=True` to disable this warning
  warnings.warn(
05/02/2024 16:18:46 - INFO - pecos.xmc.xtransformer.matcher - ***** Running training *****
05/02/2024 16:18:46 - INFO - pecos.xmc.xtransformer.matcher -   Num examples = 14146
05/02/2024 16:18:46 - INFO - pecos.xmc.xtransformer.matcher -   Num labels = 2048
05/02/2024 16:18:46 - INFO - pecos.xmc.xtransformer.matcher -   Num active labels per instance = 480
05/02/2024 16:18:46 - INFO - pecos.xmc.xtransformer.matcher -   Num Epochs = 3
05/02/2024 16:18:46 - INFO - pecos.xmc.xtransformer.matcher -   Learning Rate Schedule = linear
05/02/2024 16:18:46 - INFO - pecos.xmc.xtransformer.matcher -   Batch size = 32
05/02/2024 16:18:46 - INFO - pecos.xmc.xtransformer.matcher -   Gradient Accumulation steps = 1
05/02/2024 16:18:46 - INFO - pecos.xmc.xtransformer.matcher -   Total optimization steps = 1000
05/02/2024 16:19:06 - INFO - pecos.xmc.xtransformer.matcher - | [   1/   3][    50/  1000] |   49/ 443 batches | ms/batch 311.2887 | train_loss 5.488455e-01 | lr 2.500000e-05
05/02/2024 16:19:23 - INFO - pecos.xmc.xtransformer.matcher - | [   1/   3][   100/  1000] |   99/ 443 batches | ms/batch 312.5926 | train_loss 5.054759e-01 | lr 5.000000e-05
05/02/2024 16:19:40 - INFO - pecos.xmc.xtransformer.matcher - | [   1/   3][   150/  1000] |  149/ 443 batches | ms/batch 314.1651 | train_loss 4.704902e-01 | lr 4.722222e-05
05/02/2024 16:19:56 - INFO - pecos.xmc.xtransformer.matcher - | [   1/   3][   200/  1000] |  199/ 443 batches | ms/batch 314.2535 | train_loss 4.521835e-01 | lr 4.444444e-05
05/02/2024 16:19:56 - INFO - pecos.xmc.xtransformer.matcher - | **** saving model (avg_prec=0) to /scratch/slurm_tmpdir/job_23530796/tmpa8ipujzy at global_step 200 ****
05/02/2024 16:19:57 - INFO - pecos.xmc.xtransformer.matcher - -----------------------------------------------------------------------------------------
05/02/2024 16:20:13 - INFO - pecos.xmc.xtransformer.matcher - | [   1/   3][   250/  1000] |  249/ 443 batches | ms/batch 314.5080 | train_loss 4.463362e-01 | lr 4.166667e-05
05/02/2024 16:20:30 - INFO - pecos.xmc.xtransformer.matcher - | [   1/   3][   300/  1000] |  299/ 443 batches | ms/batch 316.0518 | train_loss 4.436512e-01 | lr 3.888889e-05
05/02/2024 16:20:47 - INFO - pecos.xmc.xtransformer.matcher - | [   1/   3][   350/  1000] |  349/ 443 batches | ms/batch 317.3603 | train_loss 4.402670e-01 | lr 3.611111e-05
05/02/2024 16:21:03 - INFO - pecos.xmc.xtransformer.matcher - | [   1/   3][   400/  1000] |  399/ 443 batches | ms/batch 317.3617 | train_loss 4.377776e-01 | lr 3.333333e-05
05/02/2024 16:21:03 - INFO - pecos.xmc.xtransformer.matcher - | **** saving model (avg_prec=0) to /scratch/slurm_tmpdir/job_23530796/tmpa8ipujzy at global_step 400 ****
05/02/2024 16:21:04 - INFO - pecos.xmc.xtransformer.matcher - -----------------------------------------------------------------------------------------
05/02/2024 16:21:25 - INFO - pecos.xmc.xtransformer.matcher - | [   2/   3][   450/  1000] |    6/ 443 batches | ms/batch 311.4468 | train_loss 4.347412e-01 | lr 3.055556e-05
05/02/2024 16:21:41 - INFO - pecos.xmc.xtransformer.matcher - | [   2/   3][   500/  1000] |   56/ 443 batches | ms/batch 316.6867 | train_loss 4.307821e-01 | lr 2.777778e-05
05/02/2024 16:21:58 - INFO - pecos.xmc.xtransformer.matcher - | [   2/   3][   550/  1000] |  106/ 443 batches | ms/batch 317.3320 | train_loss 4.308422e-01 | lr 2.500000e-05
05/02/2024 16:22:15 - INFO - pecos.xmc.xtransformer.matcher - | [   2/   3][   600/  1000] |  156/ 443 batches | ms/batch 317.6813 | train_loss 4.280143e-01 | lr 2.222222e-05
05/02/2024 16:22:15 - INFO - pecos.xmc.xtransformer.matcher - | **** saving model (avg_prec=0) to /scratch/slurm_tmpdir/job_23530796/tmpa8ipujzy at global_step 600 ****
05/02/2024 16:22:15 - INFO - pecos.xmc.xtransformer.matcher - -----------------------------------------------------------------------------------------
05/02/2024 16:22:32 - INFO - pecos.xmc.xtransformer.matcher - | [   2/   3][   650/  1000] |  206/ 443 batches | ms/batch 316.8505 | train_loss 4.278731e-01 | lr 1.944444e-05
05/02/2024 16:22:49 - INFO - pecos.xmc.xtransformer.matcher - | [   2/   3][   700/  1000] |  256/ 443 batches | ms/batch 316.8788 | train_loss 4.280375e-01 | lr 1.666667e-05
05/02/2024 16:23:05 - INFO - pecos.xmc.xtransformer.matcher - | [   2/   3][   750/  1000] |  306/ 443 batches | ms/batch 316.7680 | train_loss 4.263856e-01 | lr 1.388889e-05
05/02/2024 16:23:22 - INFO - pecos.xmc.xtransformer.matcher - | [   2/   3][   800/  1000] |  356/ 443 batches | ms/batch 316.7457 | train_loss 4.255960e-01 | lr 1.111111e-05
05/02/2024 16:23:22 - INFO - pecos.xmc.xtransformer.matcher - | **** saving model (avg_prec=0) to /scratch/slurm_tmpdir/job_23530796/tmpa8ipujzy at global_step 800 ****
05/02/2024 16:23:22 - INFO - pecos.xmc.xtransformer.matcher - -----------------------------------------------------------------------------------------
05/02/2024 16:23:39 - INFO - pecos.xmc.xtransformer.matcher - | [   2/   3][   850/  1000] |  406/ 443 batches | ms/batch 316.6346 | train_loss 4.246204e-01 | lr 8.333333e-06
05/02/2024 16:24:00 - INFO - pecos.xmc.xtransformer.matcher - | [   3/   3][   900/  1000] |   13/ 443 batches | ms/batch 310.4550 | train_loss 4.241192e-01 | lr 5.555556e-06
05/02/2024 16:24:16 - INFO - pecos.xmc.xtransformer.matcher - | [   3/   3][   950/  1000] |   63/ 443 batches | ms/batch 315.2723 | train_loss 4.224146e-01 | lr 2.777778e-06
05/02/2024 16:24:33 - INFO - pecos.xmc.xtransformer.matcher - | [   3/   3][  1000/  1000] |  113/ 443 batches | ms/batch 315.4983 | train_loss 4.191466e-01 | lr 0.000000e+00
05/02/2024 16:24:33 - INFO - pecos.xmc.xtransformer.matcher - | **** saving model (avg_prec=0) to /scratch/slurm_tmpdir/job_23530796/tmpa8ipujzy at global_step 1000 ****
05/02/2024 16:24:34 - INFO - pecos.xmc.xtransformer.matcher - -----------------------------------------------------------------------------------------
05/02/2024 16:24:34 - INFO - pecos.xmc.xtransformer.matcher - Reload the best checkpoint from /scratch/slurm_tmpdir/job_23530796/tmpa8ipujzy
05/02/2024 16:24:35 - INFO - pecos.xmc.xtransformer.matcher - Predict with csr_codes_next((14146, 2048)) with avr_nnz=320.0
05/02/2024 16:24:35 - INFO - pecos.xmc.xtransformer.module - Constructed XMCTextTensorizer, tokenized=True, len=14146
05/02/2024 16:25:28 - INFO - pecos.xmc.xtransformer.matcher - Concatenating instance embeddings with features...
05/02/2024 16:25:28 - INFO - pecos.xmc.xtransformer.matcher - Start training concat_model of transformer matcher...
05/02/2024 16:25:52 - INFO - pecos.xmc.xtransformer.matcher - Using concat-only for transformer/concat ensemble of pred_csr
05/02/2024 16:25:55 - INFO - pecos.xmc.xtransformer.model - Fine-tuning XR-Transformer with tfn+man at level 2, nr_labels=30938, avr_M_nnz=26.134949809133325
05/02/2024 16:25:57 - INFO - pecos.xmc.xtransformer.matcher - Downloaded bert-base-uncased model from s3.
05/02/2024 16:26:08 - INFO - pecos.xmc.xtransformer.matcher - trn tensors loaded_from /scratch/slurm_tmpdir/job_23530796/tmpo2pzph4q/X_trn.pt
05/02/2024 16:26:08 - INFO - pecos.xmc.xtransformer.matcher - Continue training form given text_encoder!
05/02/2024 16:26:33 - INFO - pecos.xmc.xtransformer.matcher - Initialized transformer text_model with xlinear!
05/02/2024 16:26:33 - INFO - pecos.utils.torch_util - Setting device to cuda, number of active GPUs: 1
05/02/2024 16:26:33 - INFO - pecos.xmc.xtransformer.matcher - Start fine-tuning transformer matcher...
05/02/2024 16:26:33 - INFO - pecos.xmc.xtransformer.module - Constructed XMCTextTensorizer, tokenized=True, len=14146
/home/ul/ul_student/ul_ruw26/.local/lib/python3.9/site-packages/transformers/optimization.py:429: FutureWarning: This implementation of AdamW is deprecated and will be removed in a future version. Use the PyTorch implementation torch.optim.AdamW instead, or set `no_deprecation_warning=True` to disable this warning
  warnings.warn(
05/02/2024 16:26:34 - INFO - pecos.xmc.xtransformer.matcher - ***** Running training *****
05/02/2024 16:26:34 - INFO - pecos.xmc.xtransformer.matcher -   Num examples = 14146
05/02/2024 16:26:34 - INFO - pecos.xmc.xtransformer.matcher -   Num labels = 30938
05/02/2024 16:26:34 - INFO - pecos.xmc.xtransformer.matcher -   Num active labels per instance = 622
05/02/2024 16:26:34 - INFO - pecos.xmc.xtransformer.matcher -   Num Epochs = 1
05/02/2024 16:26:34 - INFO - pecos.xmc.xtransformer.matcher -   Learning Rate Schedule = linear
05/02/2024 16:26:34 - INFO - pecos.xmc.xtransformer.matcher -   Batch size = 32
05/02/2024 16:26:34 - INFO - pecos.xmc.xtransformer.matcher -   Gradient Accumulation steps = 1
05/02/2024 16:26:34 - INFO - pecos.xmc.xtransformer.matcher -   Total optimization steps = 400
05/02/2024 16:26:54 - INFO - pecos.xmc.xtransformer.matcher - | [   1/   1][    50/   400] |   49/ 443 batches | ms/batch 311.6067 | train_loss 4.409003e-01 | lr 2.500000e-05
05/02/2024 16:27:11 - INFO - pecos.xmc.xtransformer.matcher - | [   1/   1][   100/   400] |   99/ 443 batches | ms/batch 312.2245 | train_loss 4.405455e-01 | lr 5.000000e-05
05/02/2024 16:27:27 - INFO - pecos.xmc.xtransformer.matcher - | [   1/   1][   150/   400] |  149/ 443 batches | ms/batch 313.9349 | train_loss 4.430851e-01 | lr 4.166667e-05
05/02/2024 16:27:44 - INFO - pecos.xmc.xtransformer.matcher - | [   1/   1][   200/   400] |  199/ 443 batches | ms/batch 314.5919 | train_loss 4.332826e-01 | lr 3.333333e-05
05/02/2024 16:27:44 - INFO - pecos.xmc.xtransformer.matcher - | **** saving model (avg_prec=0) to /scratch/slurm_tmpdir/job_23530796/tmp7to9f38e at global_step 200 ****
05/02/2024 16:27:45 - INFO - pecos.xmc.xtransformer.matcher - -----------------------------------------------------------------------------------------
05/02/2024 16:28:01 - INFO - pecos.xmc.xtransformer.matcher - | [   1/   1][   250/   400] |  249/ 443 batches | ms/batch 314.7477 | train_loss 4.338659e-01 | lr 2.500000e-05
05/02/2024 16:28:18 - INFO - pecos.xmc.xtransformer.matcher - | [   1/   1][   300/   400] |  299/ 443 batches | ms/batch 315.1422 | train_loss 4.260956e-01 | lr 1.666667e-05
05/02/2024 16:28:35 - INFO - pecos.xmc.xtransformer.matcher - | [   1/   1][   350/   400] |  349/ 443 batches | ms/batch 315.3570 | train_loss 4.315128e-01 | lr 8.333333e-06
05/02/2024 16:28:51 - INFO - pecos.xmc.xtransformer.matcher - | [   1/   1][   400/   400] |  399/ 443 batches | ms/batch 315.6641 | train_loss 4.317119e-01 | lr 0.000000e+00
05/02/2024 16:28:51 - INFO - pecos.xmc.xtransformer.matcher - | **** saving model (avg_prec=0) to /scratch/slurm_tmpdir/job_23530796/tmp7to9f38e at global_step 400 ****
05/02/2024 16:28:52 - INFO - pecos.xmc.xtransformer.matcher - -----------------------------------------------------------------------------------------
05/02/2024 16:28:53 - INFO - pecos.xmc.xtransformer.matcher - Reload the best checkpoint from /scratch/slurm_tmpdir/job_23530796/tmp7to9f38e
05/02/2024 16:28:54 - INFO - pecos.xmc.xtransformer.matcher - Predict with csr_codes_next((14146, 30938)) with avr_nnz=302.2745652481267
05/02/2024 16:28:54 - INFO - pecos.xmc.xtransformer.module - Constructed XMCTextTensorizer, tokenized=True, len=14146
05/02/2024 16:29:47 - INFO - pecos.xmc.xtransformer.model - Constructed instance feature matrix with shape=(14146, 102706)
05/02/2024 16:29:52 - INFO - pecos.xmc.xtransformer.model - Hierarchical label tree for ranker: [8, 128, 2048, 30938]
05/02/2024 16:29:52 - INFO - pecos.xmc.xtransformer.model - Start training ranker...
05/02/2024 16:29:52 - INFO - pecos.xmc.base - Training Layer 0 of 4 Layers in HierarchicalMLModel, neg_mining=tfn..
05/02/2024 16:29:53 - INFO - pecos.xmc.base - Training Layer 1 of 4 Layers in HierarchicalMLModel, neg_mining=tfn..
05/02/2024 16:29:59 - INFO - pecos.xmc.base - Training Layer 2 of 4 Layers in HierarchicalMLModel, neg_mining=tfn..
05/02/2024 16:30:13 - INFO - pecos.xmc.base - Training Layer 3 of 4 Layers in HierarchicalMLModel, neg_mining=tfn+man..
05/02/2024 16:32:03 - INFO - pecos.xmc.xtransformer.model - Parameters saved to ./trained-models/xr_model_wiki10-31k/param.json
05/02/2024 16:32:07 - INFO - pecos.xmc.xtransformer.model - Model saved to ./trained-models/xr_model_wiki10-31k

============================= JOB FEEDBACK =============================

NodeName=uc2n904
Job ID: 23530796
Cluster: uc2
User/Group: ul_ruw26/ul_student
State: COMPLETED (exit code 0)
Nodes: 1
Cores per node: 16
CPU Utilized: 01:34:46
CPU Efficiency: 25.37% of 06:13:36 core-walltime
Job Wall-clock time: 00:23:21
Memory Utilized: 21.88 GB
Memory Efficiency: 74.69% of 29.30 GB
