rm: cannot remove 'trained-models/xr_model_wiki10-31k': Is a directory
/var/spool/slurmd/job23530795/slurm_script: line 14: UID: readonly variable
05/02/2024 15:44:37 - INFO - __main__ - Setting random seed 0
05/02/2024 15:44:38 - INFO - __main__ - Loaded training feature matrix with shape=(14146, 101938)
05/02/2024 15:44:38 - INFO - __main__ - Loaded training label matrix with shape=(14146, 30938)
05/02/2024 15:44:38 - INFO - __main__ - Loaded 14146 training sequences
05/02/2024 15:44:42 - INFO - pecos.xmc.xtransformer.model - Hierarchical label tree: [128, 2048, 30938]
05/02/2024 15:44:42 - INFO - pecos.xmc.xtransformer.model - Fine-tune Transformers with nr_labels=[128, 2048, 30938]
05/02/2024 15:44:42 - INFO - pecos.xmc.xtransformer.model - Fine-tuning XR-Transformer with tfn+man at level 0, nr_labels=128, avr_M_nnz=128
05/02/2024 15:44:46 - INFO - pecos.xmc.xtransformer.matcher - Downloaded bert-base-uncased model from s3.
05/02/2024 15:44:46 - INFO - pecos.xmc.xtransformer.matcher - ***** Encoding data len=14146 truncation=256*****
05/02/2024 15:44:58 - INFO - pecos.xmc.xtransformer.matcher - ***** Finished with time cost=11.297871589660645 *****
05/02/2024 15:45:07 - INFO - pecos.xmc.xtransformer.matcher - trn tensors saved to /scratch/slurm_tmpdir/job_23530795/tmpgubgciq0/X_trn.pt
05/02/2024 15:45:07 - INFO - pecos.utils.torch_util - Setting device to cuda, number of active GPUs: 1
05/02/2024 15:45:13 - INFO - pecos.xmc.xtransformer.matcher - Start fine-tuning transformer matcher...
05/02/2024 15:45:13 - INFO - pecos.xmc.xtransformer.module - Constructed XMCTextTensorizer, tokenized=True, len=14146
/home/ul/ul_student/ul_ruw26/.local/lib/python3.9/site-packages/transformers/optimization.py:429: FutureWarning: This implementation of AdamW is deprecated and will be removed in a future version. Use the PyTorch implementation torch.optim.AdamW instead, or set `no_deprecation_warning=True` to disable this warning
  warnings.warn(
05/02/2024 15:45:13 - INFO - pecos.xmc.xtransformer.matcher - ***** Running training *****
05/02/2024 15:45:13 - INFO - pecos.xmc.xtransformer.matcher -   Num examples = 14146
05/02/2024 15:45:13 - INFO - pecos.xmc.xtransformer.matcher -   Num labels = 128
05/02/2024 15:45:13 - INFO - pecos.xmc.xtransformer.matcher -   Num Epochs = 3
05/02/2024 15:45:13 - INFO - pecos.xmc.xtransformer.matcher -   Learning Rate Schedule = linear
05/02/2024 15:45:13 - INFO - pecos.xmc.xtransformer.matcher -   Batch size = 32
05/02/2024 15:45:13 - INFO - pecos.xmc.xtransformer.matcher -   Gradient Accumulation steps = 1
05/02/2024 15:45:13 - INFO - pecos.xmc.xtransformer.matcher -   Total optimization steps = 1000
05/02/2024 15:45:37 - INFO - pecos.xmc.xtransformer.matcher - | [   1/   3][    50/  1000] |   49/ 443 batches | ms/batch 402.6238 | train_loss 9.777567e-01 | lr 2.500000e-05
05/02/2024 15:45:53 - INFO - pecos.xmc.xtransformer.matcher - | [   1/   3][   100/  1000] |   99/ 443 batches | ms/batch 308.2637 | train_loss 4.654887e-01 | lr 5.000000e-05
05/02/2024 15:46:10 - INFO - pecos.xmc.xtransformer.matcher - | [   1/   3][   150/  1000] |  149/ 443 batches | ms/batch 309.5550 | train_loss 3.838973e-01 | lr 4.722222e-05
05/02/2024 15:46:26 - INFO - pecos.xmc.xtransformer.matcher - | [   1/   3][   200/  1000] |  199/ 443 batches | ms/batch 311.1148 | train_loss 3.344387e-01 | lr 4.444444e-05
05/02/2024 15:46:26 - INFO - pecos.xmc.xtransformer.matcher - | **** saving model (avg_prec=0) to /scratch/slurm_tmpdir/job_23530795/tmp28j6s1l_ at global_step 200 ****
05/02/2024 15:46:27 - INFO - pecos.xmc.xtransformer.matcher - -----------------------------------------------------------------------------------------
05/02/2024 15:46:43 - INFO - pecos.xmc.xtransformer.matcher - | [   1/   3][   250/  1000] |  249/ 443 batches | ms/batch 311.7911 | train_loss 3.050309e-01 | lr 4.166667e-05
05/02/2024 15:46:59 - INFO - pecos.xmc.xtransformer.matcher - | [   1/   3][   300/  1000] |  299/ 443 batches | ms/batch 312.7355 | train_loss 2.908817e-01 | lr 3.888889e-05
05/02/2024 15:47:16 - INFO - pecos.xmc.xtransformer.matcher - | [   1/   3][   350/  1000] |  349/ 443 batches | ms/batch 313.4941 | train_loss 2.749389e-01 | lr 3.611111e-05
05/02/2024 15:47:32 - INFO - pecos.xmc.xtransformer.matcher - | [   1/   3][   400/  1000] |  399/ 443 batches | ms/batch 313.7768 | train_loss 2.737701e-01 | lr 3.333333e-05
05/02/2024 15:47:32 - INFO - pecos.xmc.xtransformer.matcher - | **** saving model (avg_prec=0) to /scratch/slurm_tmpdir/job_23530795/tmp28j6s1l_ at global_step 400 ****
05/02/2024 15:47:33 - INFO - pecos.xmc.xtransformer.matcher - -----------------------------------------------------------------------------------------
05/02/2024 15:47:52 - INFO - pecos.xmc.xtransformer.matcher - | [   2/   3][   450/  1000] |    6/ 443 batches | ms/batch 309.1249 | train_loss 2.591828e-01 | lr 3.055556e-05
05/02/2024 15:48:08 - INFO - pecos.xmc.xtransformer.matcher - | [   2/   3][   500/  1000] |   56/ 443 batches | ms/batch 315.0434 | train_loss 2.546116e-01 | lr 2.777778e-05
05/02/2024 15:48:25 - INFO - pecos.xmc.xtransformer.matcher - | [   2/   3][   550/  1000] |  106/ 443 batches | ms/batch 316.2227 | train_loss 2.518338e-01 | lr 2.500000e-05
05/02/2024 15:48:41 - INFO - pecos.xmc.xtransformer.matcher - | [   2/   3][   600/  1000] |  156/ 443 batches | ms/batch 316.3862 | train_loss 2.548783e-01 | lr 2.222222e-05
05/02/2024 15:48:41 - INFO - pecos.xmc.xtransformer.matcher - | **** saving model (avg_prec=0) to /scratch/slurm_tmpdir/job_23530795/tmp28j6s1l_ at global_step 600 ****
05/02/2024 15:48:42 - INFO - pecos.xmc.xtransformer.matcher - -----------------------------------------------------------------------------------------
05/02/2024 15:48:59 - INFO - pecos.xmc.xtransformer.matcher - | [   2/   3][   650/  1000] |  206/ 443 batches | ms/batch 315.6914 | train_loss 2.486589e-01 | lr 1.944444e-05
05/02/2024 15:49:15 - INFO - pecos.xmc.xtransformer.matcher - | [   2/   3][   700/  1000] |  256/ 443 batches | ms/batch 315.8631 | train_loss 2.448264e-01 | lr 1.666667e-05
05/02/2024 15:49:32 - INFO - pecos.xmc.xtransformer.matcher - | [   2/   3][   750/  1000] |  306/ 443 batches | ms/batch 316.0769 | train_loss 2.384545e-01 | lr 1.388889e-05
05/02/2024 15:49:48 - INFO - pecos.xmc.xtransformer.matcher - | [   2/   3][   800/  1000] |  356/ 443 batches | ms/batch 315.9969 | train_loss 2.450247e-01 | lr 1.111111e-05
05/02/2024 15:49:48 - INFO - pecos.xmc.xtransformer.matcher - | **** saving model (avg_prec=0) to /scratch/slurm_tmpdir/job_23530795/tmp28j6s1l_ at global_step 800 ****
05/02/2024 15:49:49 - INFO - pecos.xmc.xtransformer.matcher - -----------------------------------------------------------------------------------------
05/02/2024 15:50:05 - INFO - pecos.xmc.xtransformer.matcher - | [   2/   3][   850/  1000] |  406/ 443 batches | ms/batch 315.8997 | train_loss 2.404745e-01 | lr 8.333333e-06
05/02/2024 15:50:25 - INFO - pecos.xmc.xtransformer.matcher - | [   3/   3][   900/  1000] |   13/ 443 batches | ms/batch 309.8360 | train_loss 2.379508e-01 | lr 5.555556e-06
05/02/2024 15:50:41 - INFO - pecos.xmc.xtransformer.matcher - | [   3/   3][   950/  1000] |   63/ 443 batches | ms/batch 314.8097 | train_loss 2.308207e-01 | lr 2.777778e-06
05/02/2024 15:50:58 - INFO - pecos.xmc.xtransformer.matcher - | [   3/   3][  1000/  1000] |  113/ 443 batches | ms/batch 314.7791 | train_loss 2.338231e-01 | lr 0.000000e+00
05/02/2024 15:50:58 - INFO - pecos.xmc.xtransformer.matcher - | **** saving model (avg_prec=0) to /scratch/slurm_tmpdir/job_23530795/tmp28j6s1l_ at global_step 1000 ****
05/02/2024 15:50:59 - INFO - pecos.xmc.xtransformer.matcher - -----------------------------------------------------------------------------------------
05/02/2024 15:50:59 - INFO - pecos.xmc.xtransformer.matcher - Reload the best checkpoint from /scratch/slurm_tmpdir/job_23530795/tmp28j6s1l_
05/02/2024 15:51:00 - INFO - pecos.xmc.xtransformer.matcher - Predict on input text tensors(torch.Size([14146, 256])) in OVA mode
05/02/2024 15:51:00 - INFO - pecos.xmc.xtransformer.module - Constructed XMCTextTensorizer, tokenized=True, len=14146
05/02/2024 15:51:51 - INFO - pecos.xmc.xtransformer.matcher - Concatenating instance embeddings with features...
05/02/2024 15:51:51 - INFO - pecos.xmc.xtransformer.matcher - Start training concat_model of transformer matcher...
05/02/2024 15:52:03 - INFO - pecos.xmc.xtransformer.matcher - Using concat-only for transformer/concat ensemble of pred_csr
05/02/2024 15:52:05 - INFO - pecos.xmc.xtransformer.model - Fine-tuning XR-Transformer with tfn+man at level 1, nr_labels=2048, avr_M_nnz=20.49384985154814
05/02/2024 15:52:06 - INFO - pecos.xmc.xtransformer.matcher - Downloaded bert-base-uncased model from s3.
05/02/2024 15:52:17 - INFO - pecos.xmc.xtransformer.matcher - trn tensors loaded_from /scratch/slurm_tmpdir/job_23530795/tmpgubgciq0/X_trn.pt
05/02/2024 15:52:17 - INFO - pecos.xmc.xtransformer.matcher - Continue training form given text_encoder!
05/02/2024 15:52:47 - INFO - pecos.xmc.xtransformer.matcher - Initialized transformer text_model with xlinear!
05/02/2024 15:52:47 - INFO - pecos.utils.torch_util - Setting device to cuda, number of active GPUs: 1
05/02/2024 15:52:47 - INFO - pecos.xmc.xtransformer.matcher - Start fine-tuning transformer matcher...
05/02/2024 15:52:47 - INFO - pecos.xmc.xtransformer.module - Constructed XMCTextTensorizer, tokenized=True, len=14146
/home/ul/ul_student/ul_ruw26/.local/lib/python3.9/site-packages/transformers/optimization.py:429: FutureWarning: This implementation of AdamW is deprecated and will be removed in a future version. Use the PyTorch implementation torch.optim.AdamW instead, or set `no_deprecation_warning=True` to disable this warning
  warnings.warn(
05/02/2024 15:52:48 - INFO - pecos.xmc.xtransformer.matcher - ***** Running training *****
05/02/2024 15:52:48 - INFO - pecos.xmc.xtransformer.matcher -   Num examples = 14146
05/02/2024 15:52:48 - INFO - pecos.xmc.xtransformer.matcher -   Num labels = 2048
05/02/2024 15:52:48 - INFO - pecos.xmc.xtransformer.matcher -   Num active labels per instance = 480
05/02/2024 15:52:48 - INFO - pecos.xmc.xtransformer.matcher -   Num Epochs = 3
05/02/2024 15:52:48 - INFO - pecos.xmc.xtransformer.matcher -   Learning Rate Schedule = linear
05/02/2024 15:52:48 - INFO - pecos.xmc.xtransformer.matcher -   Batch size = 32
05/02/2024 15:52:48 - INFO - pecos.xmc.xtransformer.matcher -   Gradient Accumulation steps = 1
05/02/2024 15:52:48 - INFO - pecos.xmc.xtransformer.matcher -   Total optimization steps = 1000
05/02/2024 15:53:09 - INFO - pecos.xmc.xtransformer.matcher - | [   1/   3][    50/  1000] |   49/ 443 batches | ms/batch 323.6978 | train_loss 5.488455e-01 | lr 2.500000e-05
05/02/2024 15:53:26 - INFO - pecos.xmc.xtransformer.matcher - | [   1/   3][   100/  1000] |   99/ 443 batches | ms/batch 313.8901 | train_loss 5.054759e-01 | lr 5.000000e-05
05/02/2024 15:53:43 - INFO - pecos.xmc.xtransformer.matcher - | [   1/   3][   150/  1000] |  149/ 443 batches | ms/batch 314.5300 | train_loss 4.704902e-01 | lr 4.722222e-05
05/02/2024 15:53:59 - INFO - pecos.xmc.xtransformer.matcher - | [   1/   3][   200/  1000] |  199/ 443 batches | ms/batch 315.1826 | train_loss 4.521835e-01 | lr 4.444444e-05
05/02/2024 15:53:59 - INFO - pecos.xmc.xtransformer.matcher - | **** saving model (avg_prec=0) to /scratch/slurm_tmpdir/job_23530795/tmpeexwov8k at global_step 200 ****
05/02/2024 15:54:00 - INFO - pecos.xmc.xtransformer.matcher - -----------------------------------------------------------------------------------------
05/02/2024 15:54:17 - INFO - pecos.xmc.xtransformer.matcher - | [   1/   3][   250/  1000] |  249/ 443 batches | ms/batch 315.2705 | train_loss 4.463362e-01 | lr 4.166667e-05
05/02/2024 15:54:33 - INFO - pecos.xmc.xtransformer.matcher - | [   1/   3][   300/  1000] |  299/ 443 batches | ms/batch 316.1057 | train_loss 4.436512e-01 | lr 3.888889e-05
05/02/2024 15:54:50 - INFO - pecos.xmc.xtransformer.matcher - | [   1/   3][   350/  1000] |  349/ 443 batches | ms/batch 316.4842 | train_loss 4.402670e-01 | lr 3.611111e-05
05/02/2024 15:55:07 - INFO - pecos.xmc.xtransformer.matcher - | [   1/   3][   400/  1000] |  399/ 443 batches | ms/batch 316.8935 | train_loss 4.377776e-01 | lr 3.333333e-05
05/02/2024 15:55:07 - INFO - pecos.xmc.xtransformer.matcher - | **** saving model (avg_prec=0) to /scratch/slurm_tmpdir/job_23530795/tmpeexwov8k at global_step 400 ****
05/02/2024 15:55:07 - INFO - pecos.xmc.xtransformer.matcher - -----------------------------------------------------------------------------------------
05/02/2024 15:55:28 - INFO - pecos.xmc.xtransformer.matcher - | [   2/   3][   450/  1000] |    6/ 443 batches | ms/batch 310.8393 | train_loss 4.347412e-01 | lr 3.055556e-05
05/02/2024 15:55:45 - INFO - pecos.xmc.xtransformer.matcher - | [   2/   3][   500/  1000] |   56/ 443 batches | ms/batch 315.6566 | train_loss 4.307821e-01 | lr 2.777778e-05
05/02/2024 15:56:01 - INFO - pecos.xmc.xtransformer.matcher - | [   2/   3][   550/  1000] |  106/ 443 batches | ms/batch 316.5124 | train_loss 4.308422e-01 | lr 2.500000e-05
05/02/2024 15:56:18 - INFO - pecos.xmc.xtransformer.matcher - | [   2/   3][   600/  1000] |  156/ 443 batches | ms/batch 316.3583 | train_loss 4.280143e-01 | lr 2.222222e-05
05/02/2024 15:56:18 - INFO - pecos.xmc.xtransformer.matcher - | **** saving model (avg_prec=0) to /scratch/slurm_tmpdir/job_23530795/tmpeexwov8k at global_step 600 ****
05/02/2024 15:56:19 - INFO - pecos.xmc.xtransformer.matcher - -----------------------------------------------------------------------------------------
05/02/2024 15:56:36 - INFO - pecos.xmc.xtransformer.matcher - | [   2/   3][   650/  1000] |  206/ 443 batches | ms/batch 316.3316 | train_loss 4.278731e-01 | lr 1.944444e-05
05/02/2024 15:56:53 - INFO - pecos.xmc.xtransformer.matcher - | [   2/   3][   700/  1000] |  256/ 443 batches | ms/batch 316.4002 | train_loss 4.280375e-01 | lr 1.666667e-05
05/02/2024 15:57:10 - INFO - pecos.xmc.xtransformer.matcher - | [   2/   3][   750/  1000] |  306/ 443 batches | ms/batch 316.3232 | train_loss 4.263856e-01 | lr 1.388889e-05
05/02/2024 15:57:26 - INFO - pecos.xmc.xtransformer.matcher - | [   2/   3][   800/  1000] |  356/ 443 batches | ms/batch 316.2811 | train_loss 4.255960e-01 | lr 1.111111e-05
05/02/2024 15:57:26 - INFO - pecos.xmc.xtransformer.matcher - | **** saving model (avg_prec=0) to /scratch/slurm_tmpdir/job_23530795/tmpeexwov8k at global_step 800 ****
05/02/2024 15:57:27 - INFO - pecos.xmc.xtransformer.matcher - -----------------------------------------------------------------------------------------
05/02/2024 15:57:44 - INFO - pecos.xmc.xtransformer.matcher - | [   2/   3][   850/  1000] |  406/ 443 batches | ms/batch 316.2656 | train_loss 4.246204e-01 | lr 8.333333e-06
05/02/2024 15:58:04 - INFO - pecos.xmc.xtransformer.matcher - | [   3/   3][   900/  1000] |   13/ 443 batches | ms/batch 310.0014 | train_loss 4.241192e-01 | lr 5.555556e-06
05/02/2024 15:58:21 - INFO - pecos.xmc.xtransformer.matcher - | [   3/   3][   950/  1000] |   63/ 443 batches | ms/batch 314.8895 | train_loss 4.224146e-01 | lr 2.777778e-06
05/02/2024 15:58:38 - INFO - pecos.xmc.xtransformer.matcher - | [   3/   3][  1000/  1000] |  113/ 443 batches | ms/batch 314.9881 | train_loss 4.191466e-01 | lr 0.000000e+00
05/02/2024 15:58:38 - INFO - pecos.xmc.xtransformer.matcher - | **** saving model (avg_prec=0) to /scratch/slurm_tmpdir/job_23530795/tmpeexwov8k at global_step 1000 ****
05/02/2024 15:58:39 - INFO - pecos.xmc.xtransformer.matcher - -----------------------------------------------------------------------------------------
05/02/2024 15:58:39 - INFO - pecos.xmc.xtransformer.matcher - Reload the best checkpoint from /scratch/slurm_tmpdir/job_23530795/tmpeexwov8k
05/02/2024 15:58:40 - INFO - pecos.xmc.xtransformer.matcher - Predict with csr_codes_next((14146, 2048)) with avr_nnz=320.0
05/02/2024 15:58:40 - INFO - pecos.xmc.xtransformer.module - Constructed XMCTextTensorizer, tokenized=True, len=14146
05/02/2024 15:59:34 - INFO - pecos.xmc.xtransformer.matcher - Concatenating instance embeddings with features...
05/02/2024 15:59:34 - INFO - pecos.xmc.xtransformer.matcher - Start training concat_model of transformer matcher...
05/02/2024 15:59:58 - INFO - pecos.xmc.xtransformer.matcher - Using concat-only for transformer/concat ensemble of pred_csr
05/02/2024 16:00:00 - INFO - pecos.xmc.xtransformer.model - Fine-tuning XR-Transformer with tfn+man at level 2, nr_labels=30938, avr_M_nnz=26.134949809133325
05/02/2024 16:00:02 - INFO - pecos.xmc.xtransformer.matcher - Downloaded bert-base-uncased model from s3.
05/02/2024 16:00:12 - INFO - pecos.xmc.xtransformer.matcher - trn tensors loaded_from /scratch/slurm_tmpdir/job_23530795/tmpgubgciq0/X_trn.pt
05/02/2024 16:00:12 - INFO - pecos.xmc.xtransformer.matcher - Continue training form given text_encoder!
05/02/2024 16:00:36 - INFO - pecos.xmc.xtransformer.matcher - Initialized transformer text_model with xlinear!
05/02/2024 16:00:36 - INFO - pecos.utils.torch_util - Setting device to cuda, number of active GPUs: 1
05/02/2024 16:00:37 - INFO - pecos.xmc.xtransformer.matcher - Start fine-tuning transformer matcher...
05/02/2024 16:00:37 - INFO - pecos.xmc.xtransformer.module - Constructed XMCTextTensorizer, tokenized=True, len=14146
/home/ul/ul_student/ul_ruw26/.local/lib/python3.9/site-packages/transformers/optimization.py:429: FutureWarning: This implementation of AdamW is deprecated and will be removed in a future version. Use the PyTorch implementation torch.optim.AdamW instead, or set `no_deprecation_warning=True` to disable this warning
  warnings.warn(
05/02/2024 16:00:38 - INFO - pecos.xmc.xtransformer.matcher - ***** Running training *****
05/02/2024 16:00:38 - INFO - pecos.xmc.xtransformer.matcher -   Num examples = 14146
05/02/2024 16:00:38 - INFO - pecos.xmc.xtransformer.matcher -   Num labels = 30938
05/02/2024 16:00:38 - INFO - pecos.xmc.xtransformer.matcher -   Num active labels per instance = 622
05/02/2024 16:00:38 - INFO - pecos.xmc.xtransformer.matcher -   Num Epochs = 1
05/02/2024 16:00:38 - INFO - pecos.xmc.xtransformer.matcher -   Learning Rate Schedule = linear
05/02/2024 16:00:38 - INFO - pecos.xmc.xtransformer.matcher -   Batch size = 32
05/02/2024 16:00:38 - INFO - pecos.xmc.xtransformer.matcher -   Gradient Accumulation steps = 1
05/02/2024 16:00:38 - INFO - pecos.xmc.xtransformer.matcher -   Total optimization steps = 400
05/02/2024 16:00:58 - INFO - pecos.xmc.xtransformer.matcher - | [   1/   1][    50/   400] |   49/ 443 batches | ms/batch 311.9890 | train_loss 4.409003e-01 | lr 2.500000e-05
05/02/2024 16:01:15 - INFO - pecos.xmc.xtransformer.matcher - | [   1/   1][   100/   400] |   99/ 443 batches | ms/batch 313.1665 | train_loss 4.405455e-01 | lr 5.000000e-05
05/02/2024 16:01:31 - INFO - pecos.xmc.xtransformer.matcher - | [   1/   1][   150/   400] |  149/ 443 batches | ms/batch 314.2715 | train_loss 4.430851e-01 | lr 4.166667e-05
05/02/2024 16:01:48 - INFO - pecos.xmc.xtransformer.matcher - | [   1/   1][   200/   400] |  199/ 443 batches | ms/batch 314.6245 | train_loss 4.332826e-01 | lr 3.333333e-05
05/02/2024 16:01:48 - INFO - pecos.xmc.xtransformer.matcher - | **** saving model (avg_prec=0) to /scratch/slurm_tmpdir/job_23530795/tmpxcxw1ogp at global_step 200 ****
05/02/2024 16:01:49 - INFO - pecos.xmc.xtransformer.matcher - -----------------------------------------------------------------------------------------
05/02/2024 16:02:05 - INFO - pecos.xmc.xtransformer.matcher - | [   1/   1][   250/   400] |  249/ 443 batches | ms/batch 316.6038 | train_loss 4.338659e-01 | lr 2.500000e-05
05/02/2024 16:02:22 - INFO - pecos.xmc.xtransformer.matcher - | [   1/   1][   300/   400] |  299/ 443 batches | ms/batch 317.1786 | train_loss 4.260956e-01 | lr 1.666667e-05
05/02/2024 16:02:39 - INFO - pecos.xmc.xtransformer.matcher - | [   1/   1][   350/   400] |  349/ 443 batches | ms/batch 317.0994 | train_loss 4.315128e-01 | lr 8.333333e-06
05/02/2024 16:02:56 - INFO - pecos.xmc.xtransformer.matcher - | [   1/   1][   400/   400] |  399/ 443 batches | ms/batch 317.2488 | train_loss 4.317119e-01 | lr 0.000000e+00
05/02/2024 16:02:56 - INFO - pecos.xmc.xtransformer.matcher - | **** saving model (avg_prec=0) to /scratch/slurm_tmpdir/job_23530795/tmpxcxw1ogp at global_step 400 ****
05/02/2024 16:02:57 - INFO - pecos.xmc.xtransformer.matcher - -----------------------------------------------------------------------------------------
05/02/2024 16:02:57 - INFO - pecos.xmc.xtransformer.matcher - Reload the best checkpoint from /scratch/slurm_tmpdir/job_23530795/tmpxcxw1ogp
05/02/2024 16:02:58 - INFO - pecos.xmc.xtransformer.matcher - Predict with csr_codes_next((14146, 30938)) with avr_nnz=302.2745652481267
05/02/2024 16:02:58 - INFO - pecos.xmc.xtransformer.module - Constructed XMCTextTensorizer, tokenized=True, len=14146
05/02/2024 16:03:52 - INFO - pecos.xmc.xtransformer.model - Constructed instance feature matrix with shape=(14146, 102706)
05/02/2024 16:03:57 - INFO - pecos.xmc.xtransformer.model - Hierarchical label tree for ranker: [8, 128, 2048, 30938]
05/02/2024 16:03:57 - INFO - pecos.xmc.xtransformer.model - Start training ranker...
05/02/2024 16:03:57 - INFO - pecos.xmc.base - Training Layer 0 of 4 Layers in HierarchicalMLModel, neg_mining=tfn..
05/02/2024 16:03:58 - INFO - pecos.xmc.base - Training Layer 1 of 4 Layers in HierarchicalMLModel, neg_mining=tfn..
05/02/2024 16:04:03 - INFO - pecos.xmc.base - Training Layer 2 of 4 Layers in HierarchicalMLModel, neg_mining=tfn..
05/02/2024 16:04:18 - INFO - pecos.xmc.base - Training Layer 3 of 4 Layers in HierarchicalMLModel, neg_mining=tfn+man..
05/02/2024 16:06:08 - INFO - pecos.xmc.xtransformer.model - Parameters saved to ./trained-models/xr_model_wiki10-31k/param.json
05/02/2024 16:06:11 - INFO - pecos.xmc.xtransformer.model - Model saved to ./trained-models/xr_model_wiki10-31k

============================= JOB FEEDBACK =============================

NodeName=uc2n904
Job ID: 23530795
Cluster: uc2
User/Group: ul_ruw26/ul_student
State: COMPLETED (exit code 0)
Nodes: 1
Cores per node: 16
CPU Utilized: 01:34:03
CPU Efficiency: 24.27% of 06:27:28 core-walltime
Job Wall-clock time: 00:24:13
Memory Utilized: 22.66 GB
Memory Efficiency: 77.33% of 29.30 GB
