UUID is 2024-05-02-17-09-50
--- start training ---
05/02/2024 17:11:00 - INFO - __main__ - Setting random seed 0
05/02/2024 17:11:00 - INFO - __main__ - Loaded training feature matrix with shape=(14146, 101938)
05/02/2024 17:11:00 - INFO - __main__ - Loaded training label matrix with shape=(14146, 30938)
05/02/2024 17:11:01 - INFO - __main__ - Loaded 14146 training sequences
05/02/2024 17:11:06 - INFO - pecos.xmc.xtransformer.model - Hierarchical label tree: [128, 2048, 30938]
05/02/2024 17:11:06 - INFO - pecos.xmc.xtransformer.model - Fine-tune Transformers with nr_labels=[128, 2048, 30938]
05/02/2024 17:11:06 - INFO - pecos.xmc.xtransformer.model - Fine-tuning XR-Transformer with tfn+man at level 0, nr_labels=128, avr_M_nnz=128
05/02/2024 17:11:11 - INFO - pecos.xmc.xtransformer.matcher - Downloaded bert-base-uncased model from s3.
05/02/2024 17:11:11 - INFO - pecos.xmc.xtransformer.matcher - ***** Encoding data len=14146 truncation=256*****
05/02/2024 17:11:23 - INFO - pecos.xmc.xtransformer.matcher - ***** Finished with time cost=11.599737405776978 *****
05/02/2024 17:11:32 - INFO - pecos.xmc.xtransformer.matcher - trn tensors saved to /scratch/slurm_tmpdir/job_23531861/tmpqad8md3t/X_trn.pt
05/02/2024 17:11:32 - INFO - pecos.utils.torch_util - Setting device to cuda, number of active GPUs: 1
05/02/2024 17:11:52 - INFO - pecos.xmc.xtransformer.matcher - Start fine-tuning transformer matcher...
05/02/2024 17:11:52 - INFO - pecos.xmc.xtransformer.module - Constructed XMCTextTensorizer, tokenized=True, len=14146
/home/ul/ul_student/ul_ruw26/.local/lib/python3.9/site-packages/transformers/optimization.py:429: FutureWarning: This implementation of AdamW is deprecated and will be removed in a future version. Use the PyTorch implementation torch.optim.AdamW instead, or set `no_deprecation_warning=True` to disable this warning
  warnings.warn(
05/02/2024 17:11:52 - INFO - pecos.xmc.xtransformer.matcher - ***** Running training *****
05/02/2024 17:11:52 - INFO - pecos.xmc.xtransformer.matcher -   Num examples = 14146
05/02/2024 17:11:52 - INFO - pecos.xmc.xtransformer.matcher -   Num labels = 128
05/02/2024 17:11:52 - INFO - pecos.xmc.xtransformer.matcher -   Num Epochs = 3
05/02/2024 17:11:52 - INFO - pecos.xmc.xtransformer.matcher -   Learning Rate Schedule = linear
05/02/2024 17:11:52 - INFO - pecos.xmc.xtransformer.matcher -   Batch size = 32
05/02/2024 17:11:52 - INFO - pecos.xmc.xtransformer.matcher -   Gradient Accumulation steps = 1
05/02/2024 17:11:52 - INFO - pecos.xmc.xtransformer.matcher -   Total optimization steps = 1000
05/02/2024 17:12:18 - INFO - pecos.xmc.xtransformer.matcher - | [   1/   3][    50/  1000] |   49/ 443 batches | ms/batch 428.2010 | train_loss 9.777567e-01 | lr 2.500000e-05
05/02/2024 17:12:34 - INFO - pecos.xmc.xtransformer.matcher - | [   1/   3][   100/  1000] |   99/ 443 batches | ms/batch 307.6791 | train_loss 4.654887e-01 | lr 5.000000e-05
05/02/2024 17:12:51 - INFO - pecos.xmc.xtransformer.matcher - | [   1/   3][   150/  1000] |  149/ 443 batches | ms/batch 309.3273 | train_loss 3.838973e-01 | lr 4.722222e-05
05/02/2024 17:13:07 - INFO - pecos.xmc.xtransformer.matcher - | [   1/   3][   200/  1000] |  199/ 443 batches | ms/batch 310.4279 | train_loss 3.344387e-01 | lr 4.444444e-05
05/02/2024 17:13:07 - INFO - pecos.xmc.xtransformer.matcher - | **** saving model (avg_prec=0) to /scratch/slurm_tmpdir/job_23531861/tmp6ifsggy1 at global_step 200 ****
05/02/2024 17:13:07 - INFO - pecos.xmc.xtransformer.matcher - -----------------------------------------------------------------------------------------
05/02/2024 17:13:24 - INFO - pecos.xmc.xtransformer.matcher - | [   1/   3][   250/  1000] |  249/ 443 batches | ms/batch 311.1567 | train_loss 3.050309e-01 | lr 4.166667e-05
05/02/2024 17:13:40 - INFO - pecos.xmc.xtransformer.matcher - | [   1/   3][   300/  1000] |  299/ 443 batches | ms/batch 311.9835 | train_loss 2.908817e-01 | lr 3.888889e-05
05/02/2024 17:13:57 - INFO - pecos.xmc.xtransformer.matcher - | [   1/   3][   350/  1000] |  349/ 443 batches | ms/batch 312.4183 | train_loss 2.749389e-01 | lr 3.611111e-05
05/02/2024 17:14:13 - INFO - pecos.xmc.xtransformer.matcher - | [   1/   3][   400/  1000] |  399/ 443 batches | ms/batch 313.3546 | train_loss 2.737701e-01 | lr 3.333333e-05
05/02/2024 17:14:13 - INFO - pecos.xmc.xtransformer.matcher - | **** saving model (avg_prec=0) to /scratch/slurm_tmpdir/job_23531861/tmp6ifsggy1 at global_step 400 ****
05/02/2024 17:14:14 - INFO - pecos.xmc.xtransformer.matcher - -----------------------------------------------------------------------------------------
05/02/2024 17:14:34 - INFO - pecos.xmc.xtransformer.matcher - | [   2/   3][   450/  1000] |    6/ 443 batches | ms/batch 309.0975 | train_loss 2.591828e-01 | lr 3.055556e-05
05/02/2024 17:14:50 - INFO - pecos.xmc.xtransformer.matcher - | [   2/   3][   500/  1000] |   56/ 443 batches | ms/batch 314.1290 | train_loss 2.546116e-01 | lr 2.777778e-05
05/02/2024 17:15:07 - INFO - pecos.xmc.xtransformer.matcher - | [   2/   3][   550/  1000] |  106/ 443 batches | ms/batch 314.5079 | train_loss 2.518338e-01 | lr 2.500000e-05
05/02/2024 17:15:23 - INFO - pecos.xmc.xtransformer.matcher - | [   2/   3][   600/  1000] |  156/ 443 batches | ms/batch 315.0032 | train_loss 2.548783e-01 | lr 2.222222e-05
05/02/2024 17:15:23 - INFO - pecos.xmc.xtransformer.matcher - | **** saving model (avg_prec=0) to /scratch/slurm_tmpdir/job_23531861/tmp6ifsggy1 at global_step 600 ****
05/02/2024 17:15:24 - INFO - pecos.xmc.xtransformer.matcher - -----------------------------------------------------------------------------------------
05/02/2024 17:15:40 - INFO - pecos.xmc.xtransformer.matcher - | [   2/   3][   650/  1000] |  206/ 443 batches | ms/batch 315.1756 | train_loss 2.486589e-01 | lr 1.944444e-05
05/02/2024 17:15:57 - INFO - pecos.xmc.xtransformer.matcher - | [   2/   3][   700/  1000] |  256/ 443 batches | ms/batch 315.6415 | train_loss 2.448264e-01 | lr 1.666667e-05
05/02/2024 17:16:14 - INFO - pecos.xmc.xtransformer.matcher - | [   2/   3][   750/  1000] |  306/ 443 batches | ms/batch 315.9790 | train_loss 2.384545e-01 | lr 1.388889e-05
05/02/2024 17:16:30 - INFO - pecos.xmc.xtransformer.matcher - | [   2/   3][   800/  1000] |  356/ 443 batches | ms/batch 315.9171 | train_loss 2.450247e-01 | lr 1.111111e-05
05/02/2024 17:16:30 - INFO - pecos.xmc.xtransformer.matcher - | **** saving model (avg_prec=0) to /scratch/slurm_tmpdir/job_23531861/tmp6ifsggy1 at global_step 800 ****
05/02/2024 17:16:31 - INFO - pecos.xmc.xtransformer.matcher - -----------------------------------------------------------------------------------------
05/02/2024 17:16:47 - INFO - pecos.xmc.xtransformer.matcher - | [   2/   3][   850/  1000] |  406/ 443 batches | ms/batch 315.9377 | train_loss 2.404745e-01 | lr 8.333333e-06
05/02/2024 17:17:07 - INFO - pecos.xmc.xtransformer.matcher - | [   3/   3][   900/  1000] |   13/ 443 batches | ms/batch 310.1827 | train_loss 2.379508e-01 | lr 5.555556e-06
05/02/2024 17:17:23 - INFO - pecos.xmc.xtransformer.matcher - | [   3/   3][   950/  1000] |   63/ 443 batches | ms/batch 315.8337 | train_loss 2.308207e-01 | lr 2.777778e-06
05/02/2024 17:17:40 - INFO - pecos.xmc.xtransformer.matcher - | [   3/   3][  1000/  1000] |  113/ 443 batches | ms/batch 315.7704 | train_loss 2.338231e-01 | lr 0.000000e+00
05/02/2024 17:17:40 - INFO - pecos.xmc.xtransformer.matcher - | **** saving model (avg_prec=0) to /scratch/slurm_tmpdir/job_23531861/tmp6ifsggy1 at global_step 1000 ****
05/02/2024 17:17:40 - INFO - pecos.xmc.xtransformer.matcher - -----------------------------------------------------------------------------------------
05/02/2024 17:17:41 - INFO - pecos.xmc.xtransformer.matcher - Reload the best checkpoint from /scratch/slurm_tmpdir/job_23531861/tmp6ifsggy1
05/02/2024 17:17:41 - INFO - pecos.xmc.xtransformer.matcher - Predict on input text tensors(torch.Size([14146, 256])) in OVA mode
05/02/2024 17:17:41 - INFO - pecos.xmc.xtransformer.module - Constructed XMCTextTensorizer, tokenized=True, len=14146
05/02/2024 17:18:34 - INFO - pecos.xmc.xtransformer.matcher - Concatenating instance embeddings with features...
05/02/2024 17:18:34 - INFO - pecos.xmc.xtransformer.matcher - Start training concat_model of transformer matcher...
05/02/2024 17:18:46 - INFO - pecos.xmc.xtransformer.matcher - Using concat-only for transformer/concat ensemble of pred_csr
05/02/2024 17:18:49 - INFO - pecos.xmc.xtransformer.model - Fine-tuning XR-Transformer with tfn+man at level 1, nr_labels=2048, avr_M_nnz=20.49384985154814
05/02/2024 17:18:50 - INFO - pecos.xmc.xtransformer.matcher - Downloaded bert-base-uncased model from s3.
05/02/2024 17:19:01 - INFO - pecos.xmc.xtransformer.matcher - trn tensors loaded_from /scratch/slurm_tmpdir/job_23531861/tmpqad8md3t/X_trn.pt
05/02/2024 17:19:01 - INFO - pecos.xmc.xtransformer.matcher - Continue training form given text_encoder!
05/02/2024 17:19:32 - INFO - pecos.xmc.xtransformer.matcher - Initialized transformer text_model with xlinear!
05/02/2024 17:19:32 - INFO - pecos.utils.torch_util - Setting device to cuda, number of active GPUs: 1
05/02/2024 17:19:32 - INFO - pecos.xmc.xtransformer.matcher - Start fine-tuning transformer matcher...
05/02/2024 17:19:32 - INFO - pecos.xmc.xtransformer.module - Constructed XMCTextTensorizer, tokenized=True, len=14146
/home/ul/ul_student/ul_ruw26/.local/lib/python3.9/site-packages/transformers/optimization.py:429: FutureWarning: This implementation of AdamW is deprecated and will be removed in a future version. Use the PyTorch implementation torch.optim.AdamW instead, or set `no_deprecation_warning=True` to disable this warning
  warnings.warn(
05/02/2024 17:19:33 - INFO - pecos.xmc.xtransformer.matcher - ***** Running training *****
05/02/2024 17:19:33 - INFO - pecos.xmc.xtransformer.matcher -   Num examples = 14146
05/02/2024 17:19:33 - INFO - pecos.xmc.xtransformer.matcher -   Num labels = 2048
05/02/2024 17:19:33 - INFO - pecos.xmc.xtransformer.matcher -   Num active labels per instance = 480
05/02/2024 17:19:33 - INFO - pecos.xmc.xtransformer.matcher -   Num Epochs = 3
05/02/2024 17:19:33 - INFO - pecos.xmc.xtransformer.matcher -   Learning Rate Schedule = linear
05/02/2024 17:19:33 - INFO - pecos.xmc.xtransformer.matcher -   Batch size = 32
05/02/2024 17:19:33 - INFO - pecos.xmc.xtransformer.matcher -   Gradient Accumulation steps = 1
05/02/2024 17:19:33 - INFO - pecos.xmc.xtransformer.matcher -   Total optimization steps = 1000
05/02/2024 17:19:55 - INFO - pecos.xmc.xtransformer.matcher - | [   1/   3][    50/  1000] |   49/ 443 batches | ms/batch 320.5337 | train_loss 5.488455e-01 | lr 2.500000e-05
05/02/2024 17:20:11 - INFO - pecos.xmc.xtransformer.matcher - | [   1/   3][   100/  1000] |   99/ 443 batches | ms/batch 311.2656 | train_loss 5.054759e-01 | lr 5.000000e-05
05/02/2024 17:20:28 - INFO - pecos.xmc.xtransformer.matcher - | [   1/   3][   150/  1000] |  149/ 443 batches | ms/batch 312.1717 | train_loss 4.704902e-01 | lr 4.722222e-05
05/02/2024 17:20:45 - INFO - pecos.xmc.xtransformer.matcher - | [   1/   3][   200/  1000] |  199/ 443 batches | ms/batch 312.8162 | train_loss 4.521835e-01 | lr 4.444444e-05
05/02/2024 17:20:45 - INFO - pecos.xmc.xtransformer.matcher - | **** saving model (avg_prec=0) to /scratch/slurm_tmpdir/job_23531861/tmp0qrxpacl at global_step 200 ****
05/02/2024 17:20:45 - INFO - pecos.xmc.xtransformer.matcher - -----------------------------------------------------------------------------------------
05/02/2024 17:21:02 - INFO - pecos.xmc.xtransformer.matcher - | [   1/   3][   250/  1000] |  249/ 443 batches | ms/batch 313.6061 | train_loss 4.463362e-01 | lr 4.166667e-05
05/02/2024 17:21:18 - INFO - pecos.xmc.xtransformer.matcher - | [   1/   3][   300/  1000] |  299/ 443 batches | ms/batch 314.5019 | train_loss 4.436512e-01 | lr 3.888889e-05
05/02/2024 17:21:35 - INFO - pecos.xmc.xtransformer.matcher - | [   1/   3][   350/  1000] |  349/ 443 batches | ms/batch 315.2411 | train_loss 4.402670e-01 | lr 3.611111e-05
05/02/2024 17:21:52 - INFO - pecos.xmc.xtransformer.matcher - | [   1/   3][   400/  1000] |  399/ 443 batches | ms/batch 315.4567 | train_loss 4.377776e-01 | lr 3.333333e-05
05/02/2024 17:21:52 - INFO - pecos.xmc.xtransformer.matcher - | **** saving model (avg_prec=0) to /scratch/slurm_tmpdir/job_23531861/tmp0qrxpacl at global_step 400 ****
05/02/2024 17:21:52 - INFO - pecos.xmc.xtransformer.matcher - -----------------------------------------------------------------------------------------
05/02/2024 17:22:13 - INFO - pecos.xmc.xtransformer.matcher - | [   2/   3][   450/  1000] |    6/ 443 batches | ms/batch 309.7690 | train_loss 4.347412e-01 | lr 3.055556e-05
05/02/2024 17:22:30 - INFO - pecos.xmc.xtransformer.matcher - | [   2/   3][   500/  1000] |   56/ 443 batches | ms/batch 315.4228 | train_loss 4.307821e-01 | lr 2.777778e-05
05/02/2024 17:22:47 - INFO - pecos.xmc.xtransformer.matcher - | [   2/   3][   550/  1000] |  106/ 443 batches | ms/batch 315.7114 | train_loss 4.308422e-01 | lr 2.500000e-05
05/02/2024 17:23:03 - INFO - pecos.xmc.xtransformer.matcher - | [   2/   3][   600/  1000] |  156/ 443 batches | ms/batch 316.0570 | train_loss 4.280143e-01 | lr 2.222222e-05
05/02/2024 17:23:03 - INFO - pecos.xmc.xtransformer.matcher - | **** saving model (avg_prec=0) to /scratch/slurm_tmpdir/job_23531861/tmp0qrxpacl at global_step 600 ****
05/02/2024 17:23:04 - INFO - pecos.xmc.xtransformer.matcher - -----------------------------------------------------------------------------------------
05/02/2024 17:23:21 - INFO - pecos.xmc.xtransformer.matcher - | [   2/   3][   650/  1000] |  206/ 443 batches | ms/batch 316.0463 | train_loss 4.278731e-01 | lr 1.944444e-05
05/02/2024 17:23:38 - INFO - pecos.xmc.xtransformer.matcher - | [   2/   3][   700/  1000] |  256/ 443 batches | ms/batch 316.2479 | train_loss 4.280375e-01 | lr 1.666667e-05
05/02/2024 17:23:54 - INFO - pecos.xmc.xtransformer.matcher - | [   2/   3][   750/  1000] |  306/ 443 batches | ms/batch 315.9861 | train_loss 4.263856e-01 | lr 1.388889e-05
05/02/2024 17:24:11 - INFO - pecos.xmc.xtransformer.matcher - | [   2/   3][   800/  1000] |  356/ 443 batches | ms/batch 316.2064 | train_loss 4.255960e-01 | lr 1.111111e-05
05/02/2024 17:24:11 - INFO - pecos.xmc.xtransformer.matcher - | **** saving model (avg_prec=0) to /scratch/slurm_tmpdir/job_23531861/tmp0qrxpacl at global_step 800 ****
05/02/2024 17:24:11 - INFO - pecos.xmc.xtransformer.matcher - -----------------------------------------------------------------------------------------
05/02/2024 17:24:28 - INFO - pecos.xmc.xtransformer.matcher - | [   2/   3][   850/  1000] |  406/ 443 batches | ms/batch 316.1436 | train_loss 4.246204e-01 | lr 8.333333e-06
05/02/2024 17:24:50 - INFO - pecos.xmc.xtransformer.matcher - | [   3/   3][   900/  1000] |   13/ 443 batches | ms/batch 310.2377 | train_loss 4.241192e-01 | lr 5.555556e-06
05/02/2024 17:25:06 - INFO - pecos.xmc.xtransformer.matcher - | [   3/   3][   950/  1000] |   63/ 443 batches | ms/batch 316.1554 | train_loss 4.224146e-01 | lr 2.777778e-06
05/02/2024 17:25:23 - INFO - pecos.xmc.xtransformer.matcher - | [   3/   3][  1000/  1000] |  113/ 443 batches | ms/batch 316.2788 | train_loss 4.191466e-01 | lr 0.000000e+00
05/02/2024 17:25:23 - INFO - pecos.xmc.xtransformer.matcher - | **** saving model (avg_prec=0) to /scratch/slurm_tmpdir/job_23531861/tmp0qrxpacl at global_step 1000 ****
05/02/2024 17:25:24 - INFO - pecos.xmc.xtransformer.matcher - -----------------------------------------------------------------------------------------
05/02/2024 17:25:25 - INFO - pecos.xmc.xtransformer.matcher - Reload the best checkpoint from /scratch/slurm_tmpdir/job_23531861/tmp0qrxpacl
05/02/2024 17:25:25 - INFO - pecos.xmc.xtransformer.matcher - Predict with csr_codes_next((14146, 2048)) with avr_nnz=320.0
05/02/2024 17:25:25 - INFO - pecos.xmc.xtransformer.module - Constructed XMCTextTensorizer, tokenized=True, len=14146
05/02/2024 17:26:19 - INFO - pecos.xmc.xtransformer.matcher - Concatenating instance embeddings with features...
05/02/2024 17:26:20 - INFO - pecos.xmc.xtransformer.matcher - Start training concat_model of transformer matcher...
05/02/2024 17:26:44 - INFO - pecos.xmc.xtransformer.matcher - Using concat-only for transformer/concat ensemble of pred_csr
05/02/2024 17:26:46 - INFO - pecos.xmc.xtransformer.model - Fine-tuning XR-Transformer with tfn+man at level 2, nr_labels=30938, avr_M_nnz=26.134949809133325
05/02/2024 17:26:48 - INFO - pecos.xmc.xtransformer.matcher - Downloaded bert-base-uncased model from s3.
05/02/2024 17:26:59 - INFO - pecos.xmc.xtransformer.matcher - trn tensors loaded_from /scratch/slurm_tmpdir/job_23531861/tmpqad8md3t/X_trn.pt
05/02/2024 17:26:59 - INFO - pecos.xmc.xtransformer.matcher - Continue training form given text_encoder!
05/02/2024 17:27:24 - INFO - pecos.xmc.xtransformer.matcher - Initialized transformer text_model with xlinear!
05/02/2024 17:27:24 - INFO - pecos.utils.torch_util - Setting device to cuda, number of active GPUs: 1
05/02/2024 17:27:24 - INFO - pecos.xmc.xtransformer.matcher - Start fine-tuning transformer matcher...
05/02/2024 17:27:24 - INFO - pecos.xmc.xtransformer.module - Constructed XMCTextTensorizer, tokenized=True, len=14146
/home/ul/ul_student/ul_ruw26/.local/lib/python3.9/site-packages/transformers/optimization.py:429: FutureWarning: This implementation of AdamW is deprecated and will be removed in a future version. Use the PyTorch implementation torch.optim.AdamW instead, or set `no_deprecation_warning=True` to disable this warning
  warnings.warn(
05/02/2024 17:27:25 - INFO - pecos.xmc.xtransformer.matcher - ***** Running training *****
05/02/2024 17:27:25 - INFO - pecos.xmc.xtransformer.matcher -   Num examples = 14146
05/02/2024 17:27:25 - INFO - pecos.xmc.xtransformer.matcher -   Num labels = 30938
05/02/2024 17:27:25 - INFO - pecos.xmc.xtransformer.matcher -   Num active labels per instance = 622
05/02/2024 17:27:25 - INFO - pecos.xmc.xtransformer.matcher -   Num Epochs = 1
05/02/2024 17:27:25 - INFO - pecos.xmc.xtransformer.matcher -   Learning Rate Schedule = linear
05/02/2024 17:27:25 - INFO - pecos.xmc.xtransformer.matcher -   Batch size = 32
05/02/2024 17:27:25 - INFO - pecos.xmc.xtransformer.matcher -   Gradient Accumulation steps = 1
05/02/2024 17:27:25 - INFO - pecos.xmc.xtransformer.matcher -   Total optimization steps = 400
05/02/2024 17:27:46 - INFO - pecos.xmc.xtransformer.matcher - | [   1/   1][    50/   400] |   49/ 443 batches | ms/batch 310.1969 | train_loss 4.409003e-01 | lr 2.500000e-05
05/02/2024 17:28:03 - INFO - pecos.xmc.xtransformer.matcher - | [   1/   1][   100/   400] |   99/ 443 batches | ms/batch 311.3329 | train_loss 4.405455e-01 | lr 5.000000e-05
05/02/2024 17:28:19 - INFO - pecos.xmc.xtransformer.matcher - | [   1/   1][   150/   400] |  149/ 443 batches | ms/batch 312.2706 | train_loss 4.430851e-01 | lr 4.166667e-05
05/02/2024 17:28:36 - INFO - pecos.xmc.xtransformer.matcher - | [   1/   1][   200/   400] |  199/ 443 batches | ms/batch 312.8692 | train_loss 4.332826e-01 | lr 3.333333e-05
05/02/2024 17:28:36 - INFO - pecos.xmc.xtransformer.matcher - | **** saving model (avg_prec=0) to /scratch/slurm_tmpdir/job_23531861/tmp5m4jad16 at global_step 200 ****
05/02/2024 17:28:37 - INFO - pecos.xmc.xtransformer.matcher - -----------------------------------------------------------------------------------------
05/02/2024 17:28:53 - INFO - pecos.xmc.xtransformer.matcher - | [   1/   1][   250/   400] |  249/ 443 batches | ms/batch 313.6276 | train_loss 4.338659e-01 | lr 2.500000e-05
05/02/2024 17:29:10 - INFO - pecos.xmc.xtransformer.matcher - | [   1/   1][   300/   400] |  299/ 443 batches | ms/batch 314.6452 | train_loss 4.260956e-01 | lr 1.666667e-05
05/02/2024 17:29:27 - INFO - pecos.xmc.xtransformer.matcher - | [   1/   1][   350/   400] |  349/ 443 batches | ms/batch 315.0955 | train_loss 4.315128e-01 | lr 8.333333e-06
05/02/2024 17:29:43 - INFO - pecos.xmc.xtransformer.matcher - | [   1/   1][   400/   400] |  399/ 443 batches | ms/batch 315.4480 | train_loss 4.317119e-01 | lr 0.000000e+00
05/02/2024 17:29:43 - INFO - pecos.xmc.xtransformer.matcher - | **** saving model (avg_prec=0) to /scratch/slurm_tmpdir/job_23531861/tmp5m4jad16 at global_step 400 ****
05/02/2024 17:29:44 - INFO - pecos.xmc.xtransformer.matcher - -----------------------------------------------------------------------------------------
05/02/2024 17:29:45 - INFO - pecos.xmc.xtransformer.matcher - Reload the best checkpoint from /scratch/slurm_tmpdir/job_23531861/tmp5m4jad16
05/02/2024 17:29:45 - INFO - pecos.xmc.xtransformer.matcher - Predict with csr_codes_next((14146, 30938)) with avr_nnz=302.2745652481267
05/02/2024 17:29:45 - INFO - pecos.xmc.xtransformer.module - Constructed XMCTextTensorizer, tokenized=True, len=14146
05/02/2024 17:30:40 - INFO - pecos.xmc.xtransformer.model - Constructed instance feature matrix with shape=(14146, 102706)
05/02/2024 17:30:45 - INFO - pecos.xmc.xtransformer.model - Hierarchical label tree for ranker: [8, 128, 2048, 30938]
05/02/2024 17:30:45 - INFO - pecos.xmc.xtransformer.model - Start training ranker...
05/02/2024 17:30:45 - INFO - pecos.xmc.base - Training Layer 0 of 4 Layers in HierarchicalMLModel, neg_mining=tfn..
05/02/2024 17:30:46 - INFO - pecos.xmc.base - Training Layer 1 of 4 Layers in HierarchicalMLModel, neg_mining=tfn..
05/02/2024 17:30:52 - INFO - pecos.xmc.base - Training Layer 2 of 4 Layers in HierarchicalMLModel, neg_mining=tfn..
05/02/2024 17:31:06 - INFO - pecos.xmc.base - Training Layer 3 of 4 Layers in HierarchicalMLModel, neg_mining=tfn+man..
05/02/2024 17:32:58 - INFO - pecos.xmc.xtransformer.model - Parameters saved to ./trained-models/xr_model_wiki10-31k/param.json
05/02/2024 17:33:00 - INFO - pecos.xmc.xtransformer.model - Model saved to ./trained-models/xr_model_wiki10-31k
--- start prediction ---
--- start evaluation ---
UUID is 2024-05-02-17-09-50

============================= JOB FEEDBACK =============================

NodeName=uc2n912
Job ID: 23531861
Cluster: uc2
User/Group: ul_ruw26/ul_student
State: COMPLETED (exit code 0)
Nodes: 1
Cores per node: 16
CPU Utilized: 01:35:02
CPU Efficiency: 23.22% of 06:49:20 core-walltime
Job Wall-clock time: 00:25:35
Memory Utilized: 21.86 GB
Memory Efficiency: 74.61% of 29.30 GB
