Traceback (most recent call last):
  File "/home/ul/ul_student/ul_ruw26/miniconda3/envs/xr_transformer_env/lib/python3.9/runpy.py", line 197, in _run_module_as_main
    return _run_code(code, main_globals, None,
  File "/home/ul/ul_student/ul_ruw26/miniconda3/envs/xr_transformer_env/lib/python3.9/runpy.py", line 87, in _run_code
    exec(code, run_globals)
  File "/pfs/data5/home/ul/ul_student/ul_ruw26/XMC_HTC/XMLmodels/pecos/pecos/xmc/xtransformer/predict.py", line 176, in <module>
    do_predict(args)
  File "/pfs/data5/home/ul/ul_student/ul_ruw26/XMC_HTC/XMLmodels/pecos/pecos/xmc/xtransformer/predict.py", line 169, in do_predict
    smat_util.save_matrix(args.save_pred_path, P_matrix)
  File "/pfs/data5/home/ul/ul_student/ul_ruw26/XMC_HTC/XMLmodels/pecos/pecos/utils/smat_util.py", line 92, in save_matrix
    with open(tgt, "wb") as tgt_file:
FileNotFoundError: [Errno 2] No such file or directory: './predictions/xr_prediction_wiki10-31k'

============================= JOB FEEDBACK =============================

NodeName=uc2n481
Job ID: 23463001
Cluster: uc2
User/Group: ul_ruw26/ul_student
State: FAILED (exit code 1)
Nodes: 1
Cores per node: 10
CPU Utilized: 00:03:27
CPU Efficiency: 10.05% of 00:34:20 core-walltime
Job Wall-clock time: 00:03:26
Memory Utilized: 5.45 GB
Memory Efficiency: 6.97% of 78.12 GB
