------- Ensemble run at 2024-08-12 19:44:02 for amazoncat-13k ----------
08/12/2024 19:45:16 - INFO - __main__ - Setting random seed 0
08/12/2024 19:45:18 - INFO - __main__ - Loaded training feature matrix with shape=(1186239, 203882)
08/12/2024 19:45:18 - INFO - __main__ - Loaded training label matrix with shape=(1186239, 13330)
08/12/2024 19:45:21 - INFO - __main__ - Loaded 1186239 training sequences
08/12/2024 19:45:25 - INFO - pecos.xmc.xtransformer.model - Hierarchical label tree: [128, 1024, 13330]
08/12/2024 19:45:25 - INFO - pecos.xmc.xtransformer.model - Fine-tune Transformers with nr_labels=[128, 1024, 13330]
08/12/2024 19:45:25 - INFO - pecos.xmc.xtransformer.model - Fine-tuning XR-Transformer with tfn+man at level 0, nr_labels=128, avr_M_nnz=128
08/12/2024 19:45:28 - INFO - pecos.xmc.xtransformer.matcher - Downloaded bert-base-uncased model from s3.
08/12/2024 19:45:28 - INFO - pecos.xmc.xtransformer.matcher - ***** Encoding data len=1186239 truncation=256*****
08/12/2024 19:47:27 - INFO - pecos.xmc.xtransformer.matcher - ***** Finished with time cost=118.79461288452148 *****
08/12/2024 19:48:39 - INFO - pecos.xmc.xtransformer.matcher - trn tensors saved to /scratch/slurm_tmpdir/job_23946292/tmpd_ghpog1/X_trn.pt
08/12/2024 19:48:42 - INFO - pecos.utils.torch_util - Setting device to cuda, number of active GPUs: 2
08/12/2024 19:49:03 - INFO - pecos.xmc.xtransformer.matcher - Start fine-tuning transformer matcher...
08/12/2024 19:49:03 - INFO - pecos.xmc.xtransformer.module - Constructed XMCTextTensorizer, tokenized=True, len=1186239
/home/ul/ul_student/ul_ruw26/.local/lib/python3.9/site-packages/transformers/optimization.py:429: FutureWarning: This implementation of AdamW is deprecated and will be removed in a future version. Use the PyTorch implementation torch.optim.AdamW instead, or set `no_deprecation_warning=True` to disable this warning
  warnings.warn(
08/12/2024 19:49:03 - INFO - pecos.xmc.xtransformer.matcher - ***** Running training *****
08/12/2024 19:49:03 - INFO - pecos.xmc.xtransformer.matcher -   Num examples = 1186239
08/12/2024 19:49:03 - INFO - pecos.xmc.xtransformer.matcher -   Num labels = 128
08/12/2024 19:49:03 - INFO - pecos.xmc.xtransformer.matcher -   Num Epochs = 1
08/12/2024 19:49:03 - INFO - pecos.xmc.xtransformer.matcher -   Learning Rate Schedule = linear
08/12/2024 19:49:03 - INFO - pecos.xmc.xtransformer.matcher -   Batch size = 64
08/12/2024 19:49:03 - INFO - pecos.xmc.xtransformer.matcher -   Gradient Accumulation steps = 1
08/12/2024 19:49:03 - INFO - pecos.xmc.xtransformer.matcher -   Total optimization steps = 5000
08/12/2024 19:52:17 - INFO - pecos.xmc.xtransformer.matcher - | [   1/   1][   500/  5000] |  499/18535 batches | ms/batch 344.6611 | train_loss 3.351100e-01 | lr 2.500000e-05
08/12/2024 19:55:16 - INFO - pecos.xmc.xtransformer.matcher - | [   1/   1][  1000/  5000] |  999/18535 batches | ms/batch 328.7253 | train_loss 6.372401e-02 | lr 5.000000e-05
08/12/2024 19:58:14 - INFO - pecos.xmc.xtransformer.matcher - | [   1/   1][  1500/  5000] | 1499/18535 batches | ms/batch 328.8930 | train_loss 4.614919e-02 | lr 4.375000e-05
08/12/2024 20:01:13 - INFO - pecos.xmc.xtransformer.matcher - | [   1/   1][  2000/  5000] | 1999/18535 batches | ms/batch 329.0970 | train_loss 4.059318e-02 | lr 3.750000e-05
08/12/2024 20:04:11 - INFO - pecos.xmc.xtransformer.matcher - | [   1/   1][  2500/  5000] | 2499/18535 batches | ms/batch 328.7147 | train_loss 3.752303e-02 | lr 3.125000e-05
08/12/2024 20:07:10 - INFO - pecos.xmc.xtransformer.matcher - | [   1/   1][  3000/  5000] | 2999/18535 batches | ms/batch 329.6634 | train_loss 3.580604e-02 | lr 2.500000e-05
08/12/2024 20:10:08 - INFO - pecos.xmc.xtransformer.matcher - | [   1/   1][  3500/  5000] | 3499/18535 batches | ms/batch 330.3789 | train_loss 3.415933e-02 | lr 1.875000e-05
08/12/2024 20:13:07 - INFO - pecos.xmc.xtransformer.matcher - | [   1/   1][  4000/  5000] | 3999/18535 batches | ms/batch 330.5673 | train_loss 3.318854e-02 | lr 1.250000e-05
08/12/2024 20:16:06 - INFO - pecos.xmc.xtransformer.matcher - | [   1/   1][  4500/  5000] | 4499/18535 batches | ms/batch 330.6321 | train_loss 3.233852e-02 | lr 6.250000e-06
08/12/2024 20:19:04 - INFO - pecos.xmc.xtransformer.matcher - | [   1/   1][  5000/  5000] | 4999/18535 batches | ms/batch 330.5247 | train_loss 3.109883e-02 | lr 0.000000e+00
08/12/2024 20:19:04 - INFO - pecos.xmc.xtransformer.matcher - | **** saving model (avg_prec=0) to /scratch/slurm_tmpdir/job_23946292/tmp83m47xqj at global_step 5000 ****
08/12/2024 20:19:05 - INFO - pecos.xmc.xtransformer.matcher - -----------------------------------------------------------------------------------------
08/12/2024 20:19:07 - INFO - pecos.xmc.xtransformer.matcher - Reload the best checkpoint from /scratch/slurm_tmpdir/job_23946292/tmp83m47xqj
08/12/2024 20:19:07 - INFO - pecos.xmc.xtransformer.matcher - Predict on input text tensors(torch.Size([1186239, 256])) in OVA mode
08/12/2024 20:19:07 - INFO - pecos.xmc.xtransformer.module - Constructed XMCTextTensorizer, tokenized=True, len=1186239
08/12/2024 20:57:50 - INFO - pecos.xmc.xtransformer.matcher - Concatenating instance embeddings with features...
08/12/2024 20:58:11 - INFO - pecos.xmc.xtransformer.matcher - Start training concat_model of transformer matcher...
08/12/2024 21:01:54 - INFO - pecos.xmc.xtransformer.matcher - Using concat-only for transformer/concat ensemble of pred_csr
08/12/2024 21:02:29 - INFO - pecos.xmc.xtransformer.model - Fine-tuning XR-Transformer with tfn+man at level 1, nr_labels=1024, avr_M_nnz=50.002184214142346
08/12/2024 21:02:33 - INFO - pecos.xmc.xtransformer.matcher - Downloaded bert-base-uncased model from s3.
08/12/2024 21:04:02 - INFO - pecos.xmc.xtransformer.matcher - trn tensors loaded_from /scratch/slurm_tmpdir/job_23946292/tmpd_ghpog1/X_trn.pt
08/12/2024 21:04:03 - INFO - pecos.xmc.xtransformer.matcher - Continue training form given text_encoder!
08/12/2024 21:32:21 - INFO - pecos.xmc.xtransformer.matcher - Initialized transformer text_model with xlinear!
08/12/2024 21:32:21 - INFO - pecos.utils.torch_util - Setting device to cuda, number of active GPUs: 2
08/12/2024 21:32:22 - INFO - pecos.xmc.xtransformer.matcher - Start fine-tuning transformer matcher...
08/12/2024 21:32:24 - INFO - pecos.xmc.xtransformer.module - Constructed XMCTextTensorizer, tokenized=True, len=1186239
/home/ul/ul_student/ul_ruw26/.local/lib/python3.9/site-packages/transformers/optimization.py:429: FutureWarning: This implementation of AdamW is deprecated and will be removed in a future version. Use the PyTorch implementation torch.optim.AdamW instead, or set `no_deprecation_warning=True` to disable this warning
  warnings.warn(
08/12/2024 21:33:15 - INFO - pecos.xmc.xtransformer.matcher - ***** Running training *****
08/12/2024 21:33:15 - INFO - pecos.xmc.xtransformer.matcher -   Num examples = 1186239
08/12/2024 21:33:15 - INFO - pecos.xmc.xtransformer.matcher -   Num labels = 1024
08/12/2024 21:33:15 - INFO - pecos.xmc.xtransformer.matcher -   Num active labels per instance = 440
08/12/2024 21:33:15 - INFO - pecos.xmc.xtransformer.matcher -   Num Epochs = 1
08/12/2024 21:33:15 - INFO - pecos.xmc.xtransformer.matcher -   Learning Rate Schedule = linear
08/12/2024 21:33:15 - INFO - pecos.xmc.xtransformer.matcher -   Batch size = 64
08/12/2024 21:33:15 - INFO - pecos.xmc.xtransformer.matcher -   Gradient Accumulation steps = 1
08/12/2024 21:33:15 - INFO - pecos.xmc.xtransformer.matcher -   Total optimization steps = 10000
08/12/2024 21:36:47 - INFO - pecos.xmc.xtransformer.matcher - | [   1/   1][   500/ 10000] |  499/18535 batches | ms/batch 350.5696 | train_loss 1.331941e-01 | lr 2.500000e-05
08/12/2024 21:39:48 - INFO - pecos.xmc.xtransformer.matcher - | [   1/   1][  1000/ 10000] |  999/18535 batches | ms/batch 331.5159 | train_loss 1.128429e-01 | lr 5.000000e-05
08/12/2024 21:42:50 - INFO - pecos.xmc.xtransformer.matcher - | [   1/   1][  1500/ 10000] | 1499/18535 batches | ms/batch 331.7910 | train_loss 1.095118e-01 | lr 4.722222e-05
08/12/2024 21:45:52 - INFO - pecos.xmc.xtransformer.matcher - | [   1/   1][  2000/ 10000] | 1999/18535 batches | ms/batch 331.5370 | train_loss 1.082347e-01 | lr 4.444444e-05
08/12/2024 21:48:54 - INFO - pecos.xmc.xtransformer.matcher - | [   1/   1][  2500/ 10000] | 2499/18535 batches | ms/batch 331.4280 | train_loss 1.074842e-01 | lr 4.166667e-05
08/12/2024 21:51:58 - INFO - pecos.xmc.xtransformer.matcher - | [   1/   1][  3000/ 10000] | 2999/18535 batches | ms/batch 332.9643 | train_loss 1.071029e-01 | lr 3.888889e-05
08/12/2024 21:55:00 - INFO - pecos.xmc.xtransformer.matcher - | [   1/   1][  3500/ 10000] | 3499/18535 batches | ms/batch 332.1322 | train_loss 1.063307e-01 | lr 3.611111e-05
08/12/2024 21:58:02 - INFO - pecos.xmc.xtransformer.matcher - | [   1/   1][  4000/ 10000] | 3999/18535 batches | ms/batch 332.0411 | train_loss 1.060798e-01 | lr 3.333333e-05
08/12/2024 22:01:05 - INFO - pecos.xmc.xtransformer.matcher - | [   1/   1][  4500/ 10000] | 4499/18535 batches | ms/batch 332.3440 | train_loss 1.058658e-01 | lr 3.055556e-05
08/12/2024 22:04:06 - INFO - pecos.xmc.xtransformer.matcher - | [   1/   1][  5000/ 10000] | 4999/18535 batches | ms/batch 331.6005 | train_loss 1.054427e-01 | lr 2.777778e-05
08/12/2024 22:04:06 - INFO - pecos.xmc.xtransformer.matcher - | **** saving model (avg_prec=0) to /scratch/slurm_tmpdir/job_23946292/tmpipeldvpz at global_step 5000 ****
08/12/2024 22:04:07 - INFO - pecos.xmc.xtransformer.matcher - -----------------------------------------------------------------------------------------
08/12/2024 22:07:10 - INFO - pecos.xmc.xtransformer.matcher - | [   1/   1][  5500/ 10000] | 5499/18535 batches | ms/batch 332.9766 | train_loss 1.052971e-01 | lr 2.500000e-05
08/12/2024 22:10:12 - INFO - pecos.xmc.xtransformer.matcher - | [   1/   1][  6000/ 10000] | 5999/18535 batches | ms/batch 332.0695 | train_loss 1.049449e-01 | lr 2.222222e-05
08/12/2024 22:13:15 - INFO - pecos.xmc.xtransformer.matcher - | [   1/   1][  6500/ 10000] | 6499/18535 batches | ms/batch 331.6371 | train_loss 1.049000e-01 | lr 1.944444e-05
08/12/2024 22:16:16 - INFO - pecos.xmc.xtransformer.matcher - | [   1/   1][  7000/ 10000] | 6999/18535 batches | ms/batch 330.9070 | train_loss 1.047784e-01 | lr 1.666667e-05
08/12/2024 22:19:19 - INFO - pecos.xmc.xtransformer.matcher - | [   1/   1][  7500/ 10000] | 7499/18535 batches | ms/batch 332.1810 | train_loss 1.043705e-01 | lr 1.388889e-05
08/12/2024 22:22:21 - INFO - pecos.xmc.xtransformer.matcher - | [   1/   1][  8000/ 10000] | 7999/18535 batches | ms/batch 331.5894 | train_loss 1.040641e-01 | lr 1.111111e-05
08/12/2024 22:25:24 - INFO - pecos.xmc.xtransformer.matcher - | [   1/   1][  8500/ 10000] | 8499/18535 batches | ms/batch 331.5223 | train_loss 1.040623e-01 | lr 8.333333e-06
08/12/2024 22:28:27 - INFO - pecos.xmc.xtransformer.matcher - | [   1/   1][  9000/ 10000] | 8999/18535 batches | ms/batch 331.9622 | train_loss 1.038458e-01 | lr 5.555556e-06
08/12/2024 22:31:29 - INFO - pecos.xmc.xtransformer.matcher - | [   1/   1][  9500/ 10000] | 9499/18535 batches | ms/batch 332.1798 | train_loss 1.037472e-01 | lr 2.777778e-06
08/12/2024 22:34:32 - INFO - pecos.xmc.xtransformer.matcher - | [   1/   1][ 10000/ 10000] | 9999/18535 batches | ms/batch 332.6346 | train_loss 1.036373e-01 | lr 0.000000e+00
08/12/2024 22:34:32 - INFO - pecos.xmc.xtransformer.matcher - | **** saving model (avg_prec=0) to /scratch/slurm_tmpdir/job_23946292/tmpipeldvpz at global_step 10000 ****
08/12/2024 22:34:32 - INFO - pecos.xmc.xtransformer.matcher - -----------------------------------------------------------------------------------------
08/12/2024 22:34:35 - INFO - pecos.xmc.xtransformer.matcher - Reload the best checkpoint from /scratch/slurm_tmpdir/job_23946292/tmpipeldvpz
08/12/2024 22:34:38 - INFO - pecos.xmc.xtransformer.matcher - Predict with csr_codes_next((1186239, 1024)) with avr_nnz=400.0
08/12/2024 22:34:38 - INFO - pecos.xmc.xtransformer.module - Constructed XMCTextTensorizer, tokenized=True, len=1186239
08/12/2024 23:15:04 - INFO - pecos.xmc.xtransformer.matcher - Concatenating instance embeddings with features...
08/12/2024 23:15:34 - INFO - pecos.xmc.xtransformer.matcher - Start training concat_model of transformer matcher...
08/12/2024 23:25:07 - INFO - pecos.xmc.xtransformer.matcher - Using concat-only for transformer/concat ensemble of pred_csr
08/12/2024 23:25:45 - INFO - pecos.xmc.xtransformer.model - Fine-tuning XR-Transformer with tfn+man at level 2, nr_labels=13330, avr_M_nnz=50.04579094094866
08/12/2024 23:25:51 - INFO - pecos.xmc.xtransformer.matcher - Downloaded bert-base-uncased model from s3.
08/12/2024 23:27:21 - INFO - pecos.xmc.xtransformer.matcher - trn tensors loaded_from /scratch/slurm_tmpdir/job_23946292/tmpd_ghpog1/X_trn.pt
08/12/2024 23:27:21 - INFO - pecos.xmc.xtransformer.matcher - Continue training form given text_encoder!
08/12/2024 23:49:42 - INFO - pecos.xmc.xtransformer.matcher - Initialized transformer text_model with xlinear!
08/12/2024 23:49:42 - INFO - pecos.utils.torch_util - Setting device to cuda, number of active GPUs: 2
08/12/2024 23:49:43 - INFO - pecos.xmc.xtransformer.matcher - Start fine-tuning transformer matcher...
08/12/2024 23:49:47 - INFO - pecos.xmc.xtransformer.module - Constructed XMCTextTensorizer, tokenized=True, len=1186239
/home/ul/ul_student/ul_ruw26/.local/lib/python3.9/site-packages/transformers/optimization.py:429: FutureWarning: This implementation of AdamW is deprecated and will be removed in a future version. Use the PyTorch implementation torch.optim.AdamW instead, or set `no_deprecation_warning=True` to disable this warning
  warnings.warn(
08/12/2024 23:50:54 - INFO - pecos.xmc.xtransformer.matcher - ***** Running training *****
08/12/2024 23:50:54 - INFO - pecos.xmc.xtransformer.matcher -   Num examples = 1186239
08/12/2024 23:50:54 - INFO - pecos.xmc.xtransformer.matcher -   Num labels = 13330
08/12/2024 23:50:54 - INFO - pecos.xmc.xtransformer.matcher -   Num active labels per instance = 781
08/12/2024 23:50:54 - INFO - pecos.xmc.xtransformer.matcher -   Num Epochs = 2
08/12/2024 23:50:54 - INFO - pecos.xmc.xtransformer.matcher -   Learning Rate Schedule = linear
08/12/2024 23:50:54 - INFO - pecos.xmc.xtransformer.matcher -   Batch size = 64
08/12/2024 23:50:54 - INFO - pecos.xmc.xtransformer.matcher -   Gradient Accumulation steps = 1
08/12/2024 23:50:54 - INFO - pecos.xmc.xtransformer.matcher -   Total optimization steps = 30000
08/12/2024 23:54:20 - INFO - pecos.xmc.xtransformer.matcher - | [   1/   2][   500/ 30000] |  499/18535 batches | ms/batch 343.7123 | train_loss 1.885429e-01 | lr 2.500000e-05
08/12/2024 23:57:20 - INFO - pecos.xmc.xtransformer.matcher - | [   1/   2][  1000/ 30000] |  999/18535 batches | ms/batch 332.1461 | train_loss 1.849713e-01 | lr 5.000000e-05
08/13/2024 00:00:19 - INFO - pecos.xmc.xtransformer.matcher - | [   1/   2][  1500/ 30000] | 1499/18535 batches | ms/batch 331.4979 | train_loss 1.841213e-01 | lr 4.913793e-05
08/13/2024 00:03:18 - INFO - pecos.xmc.xtransformer.matcher - | [   1/   2][  2000/ 30000] | 1999/18535 batches | ms/batch 331.6379 | train_loss 1.827279e-01 | lr 4.827586e-05
08/13/2024 00:06:18 - INFO - pecos.xmc.xtransformer.matcher - | [   1/   2][  2500/ 30000] | 2499/18535 batches | ms/batch 332.1019 | train_loss 1.822983e-01 | lr 4.741379e-05
08/13/2024 00:09:18 - INFO - pecos.xmc.xtransformer.matcher - | [   1/   2][  3000/ 30000] | 2999/18535 batches | ms/batch 332.2266 | train_loss 1.818787e-01 | lr 4.655172e-05
08/13/2024 00:12:17 - INFO - pecos.xmc.xtransformer.matcher - | [   1/   2][  3500/ 30000] | 3499/18535 batches | ms/batch 331.6091 | train_loss 1.814204e-01 | lr 4.568966e-05
08/13/2024 00:15:16 - INFO - pecos.xmc.xtransformer.matcher - | [   1/   2][  4000/ 30000] | 3999/18535 batches | ms/batch 331.1269 | train_loss 1.811659e-01 | lr 4.482759e-05
08/13/2024 00:18:15 - INFO - pecos.xmc.xtransformer.matcher - | [   1/   2][  4500/ 30000] | 4499/18535 batches | ms/batch 331.6300 | train_loss 1.809560e-01 | lr 4.396552e-05
08/13/2024 00:21:15 - INFO - pecos.xmc.xtransformer.matcher - | [   1/   2][  5000/ 30000] | 4999/18535 batches | ms/batch 332.1057 | train_loss 1.808685e-01 | lr 4.310345e-05
08/13/2024 00:24:14 - INFO - pecos.xmc.xtransformer.matcher - | [   1/   2][  5500/ 30000] | 5499/18535 batches | ms/batch 331.4110 | train_loss 1.804287e-01 | lr 4.224138e-05
08/13/2024 00:27:14 - INFO - pecos.xmc.xtransformer.matcher - | [   1/   2][  6000/ 30000] | 5999/18535 batches | ms/batch 331.9395 | train_loss 1.801622e-01 | lr 4.137931e-05
08/13/2024 00:30:14 - INFO - pecos.xmc.xtransformer.matcher - | [   1/   2][  6500/ 30000] | 6499/18535 batches | ms/batch 332.2282 | train_loss 1.801738e-01 | lr 4.051724e-05
08/13/2024 00:33:13 - INFO - pecos.xmc.xtransformer.matcher - | [   1/   2][  7000/ 30000] | 6999/18535 batches | ms/batch 331.1749 | train_loss 1.798492e-01 | lr 3.965517e-05
08/13/2024 00:36:12 - INFO - pecos.xmc.xtransformer.matcher - | [   1/   2][  7500/ 30000] | 7499/18535 batches | ms/batch 332.3772 | train_loss 1.796341e-01 | lr 3.879310e-05
08/13/2024 00:39:11 - INFO - pecos.xmc.xtransformer.matcher - | [   1/   2][  8000/ 30000] | 7999/18535 batches | ms/batch 331.0711 | train_loss 1.795737e-01 | lr 3.793103e-05
08/13/2024 00:42:12 - INFO - pecos.xmc.xtransformer.matcher - | [   1/   2][  8500/ 30000] | 8499/18535 batches | ms/batch 331.9781 | train_loss 1.794009e-01 | lr 3.706897e-05
08/13/2024 00:45:11 - INFO - pecos.xmc.xtransformer.matcher - | [   1/   2][  9000/ 30000] | 8999/18535 batches | ms/batch 331.7568 | train_loss 1.792106e-01 | lr 3.620690e-05
08/13/2024 00:48:11 - INFO - pecos.xmc.xtransformer.matcher - | [   1/   2][  9500/ 30000] | 9499/18535 batches | ms/batch 332.0904 | train_loss 1.791433e-01 | lr 3.534483e-05
08/13/2024 00:51:10 - INFO - pecos.xmc.xtransformer.matcher - | [   1/   2][ 10000/ 30000] | 9999/18535 batches | ms/batch 330.8722 | train_loss 1.791485e-01 | lr 3.448276e-05
08/13/2024 00:51:10 - INFO - pecos.xmc.xtransformer.matcher - | **** saving model (avg_prec=0) to /scratch/slurm_tmpdir/job_23946292/tmpvs63ba3q at global_step 10000 ****
08/13/2024 00:51:12 - INFO - pecos.xmc.xtransformer.matcher - -----------------------------------------------------------------------------------------
08/13/2024 00:54:12 - INFO - pecos.xmc.xtransformer.matcher - | [   1/   2][ 10500/ 30000] | 10499/18535 batches | ms/batch 331.5963 | train_loss 1.788656e-01 | lr 3.362069e-05
08/13/2024 00:57:14 - INFO - pecos.xmc.xtransformer.matcher - | [   1/   2][ 11000/ 30000] | 10999/18535 batches | ms/batch 336.7542 | train_loss 1.789795e-01 | lr 3.275862e-05
08/13/2024 01:00:14 - INFO - pecos.xmc.xtransformer.matcher - | [   1/   2][ 11500/ 30000] | 11499/18535 batches | ms/batch 331.3041 | train_loss 1.786913e-01 | lr 3.189655e-05
08/13/2024 01:03:15 - INFO - pecos.xmc.xtransformer.matcher - | [   1/   2][ 12000/ 30000] | 11999/18535 batches | ms/batch 332.7142 | train_loss 1.785155e-01 | lr 3.103448e-05
08/13/2024 01:06:14 - INFO - pecos.xmc.xtransformer.matcher - | [   1/   2][ 12500/ 30000] | 12499/18535 batches | ms/batch 331.7379 | train_loss 1.786182e-01 | lr 3.017241e-05
08/13/2024 01:09:13 - INFO - pecos.xmc.xtransformer.matcher - | [   1/   2][ 13000/ 30000] | 12999/18535 batches | ms/batch 331.4321 | train_loss 1.784848e-01 | lr 2.931034e-05
08/13/2024 01:12:12 - INFO - pecos.xmc.xtransformer.matcher - | [   1/   2][ 13500/ 30000] | 13499/18535 batches | ms/batch 331.1831 | train_loss 1.782990e-01 | lr 2.844828e-05
08/13/2024 01:15:12 - INFO - pecos.xmc.xtransformer.matcher - | [   1/   2][ 14000/ 30000] | 13999/18535 batches | ms/batch 331.5966 | train_loss 1.783075e-01 | lr 2.758621e-05
08/13/2024 01:18:12 - INFO - pecos.xmc.xtransformer.matcher - | [   1/   2][ 14500/ 30000] | 14499/18535 batches | ms/batch 331.3244 | train_loss 1.781606e-01 | lr 2.672414e-05
08/13/2024 01:21:11 - INFO - pecos.xmc.xtransformer.matcher - | [   1/   2][ 15000/ 30000] | 14999/18535 batches | ms/batch 331.8854 | train_loss 1.782073e-01 | lr 2.586207e-05
08/13/2024 01:24:18 - INFO - pecos.xmc.xtransformer.matcher - | [   1/   2][ 15500/ 30000] | 15499/18535 batches | ms/batch 341.6055 | train_loss 1.781552e-01 | lr 2.500000e-05
08/13/2024 01:27:18 - INFO - pecos.xmc.xtransformer.matcher - | [   1/   2][ 16000/ 30000] | 15999/18535 batches | ms/batch 331.6297 | train_loss 1.779164e-01 | lr 2.413793e-05
08/13/2024 01:30:17 - INFO - pecos.xmc.xtransformer.matcher - | [   1/   2][ 16500/ 30000] | 16499/18535 batches | ms/batch 331.4773 | train_loss 1.778327e-01 | lr 2.327586e-05
08/13/2024 01:33:16 - INFO - pecos.xmc.xtransformer.matcher - | [   1/   2][ 17000/ 30000] | 16999/18535 batches | ms/batch 331.5882 | train_loss 1.778511e-01 | lr 2.241379e-05
08/13/2024 01:36:16 - INFO - pecos.xmc.xtransformer.matcher - | [   1/   2][ 17500/ 30000] | 17499/18535 batches | ms/batch 331.8196 | train_loss 1.777396e-01 | lr 2.155172e-05
08/13/2024 01:39:15 - INFO - pecos.xmc.xtransformer.matcher - | [   1/   2][ 18000/ 30000] | 17999/18535 batches | ms/batch 330.8860 | train_loss 1.776210e-01 | lr 2.068966e-05
08/13/2024 01:42:14 - INFO - pecos.xmc.xtransformer.matcher - | [   1/   2][ 18500/ 30000] | 18499/18535 batches | ms/batch 331.2860 | train_loss 1.775621e-01 | lr 1.982759e-05
08/13/2024 01:45:34 - INFO - pecos.xmc.xtransformer.matcher - | [   2/   2][ 19000/ 30000] |  464/18535 batches | ms/batch 331.3791 | train_loss 1.765381e-01 | lr 1.896552e-05
08/13/2024 01:48:34 - INFO - pecos.xmc.xtransformer.matcher - | [   2/   2][ 19500/ 30000] |  964/18535 batches | ms/batch 331.7815 | train_loss 1.765010e-01 | lr 1.810345e-05
08/13/2024 01:51:35 - INFO - pecos.xmc.xtransformer.matcher - | [   2/   2][ 20000/ 30000] | 1464/18535 batches | ms/batch 332.2796 | train_loss 1.764559e-01 | lr 1.724138e-05
08/13/2024 01:51:35 - INFO - pecos.xmc.xtransformer.matcher - | **** saving model (avg_prec=0) to /scratch/slurm_tmpdir/job_23946292/tmpvs63ba3q at global_step 20000 ****
08/13/2024 01:51:36 - INFO - pecos.xmc.xtransformer.matcher - -----------------------------------------------------------------------------------------
08/13/2024 01:54:36 - INFO - pecos.xmc.xtransformer.matcher - | [   2/   2][ 20500/ 30000] | 1964/18535 batches | ms/batch 331.5107 | train_loss 1.763696e-01 | lr 1.637931e-05
08/13/2024 01:57:36 - INFO - pecos.xmc.xtransformer.matcher - | [   2/   2][ 21000/ 30000] | 2464/18535 batches | ms/batch 331.6240 | train_loss 1.763051e-01 | lr 1.551724e-05
08/13/2024 02:00:36 - INFO - pecos.xmc.xtransformer.matcher - | [   2/   2][ 21500/ 30000] | 2964/18535 batches | ms/batch 330.9142 | train_loss 1.762368e-01 | lr 1.465517e-05
08/13/2024 02:03:37 - INFO - pecos.xmc.xtransformer.matcher - | [   2/   2][ 22000/ 30000] | 3464/18535 batches | ms/batch 334.9656 | train_loss 1.762351e-01 | lr 1.379310e-05
08/13/2024 02:06:37 - INFO - pecos.xmc.xtransformer.matcher - | [   2/   2][ 22500/ 30000] | 3964/18535 batches | ms/batch 331.3844 | train_loss 1.762256e-01 | lr 1.293103e-05
08/13/2024 02:09:36 - INFO - pecos.xmc.xtransformer.matcher - | [   2/   2][ 23000/ 30000] | 4464/18535 batches | ms/batch 332.4739 | train_loss 1.762877e-01 | lr 1.206897e-05
08/13/2024 02:12:36 - INFO - pecos.xmc.xtransformer.matcher - | [   2/   2][ 23500/ 30000] | 4964/18535 batches | ms/batch 331.4846 | train_loss 1.761164e-01 | lr 1.120690e-05
08/13/2024 02:15:37 - INFO - pecos.xmc.xtransformer.matcher - | [   2/   2][ 24000/ 30000] | 5464/18535 batches | ms/batch 332.6566 | train_loss 1.759625e-01 | lr 1.034483e-05
08/13/2024 02:18:36 - INFO - pecos.xmc.xtransformer.matcher - | [   2/   2][ 24500/ 30000] | 5964/18535 batches | ms/batch 330.9163 | train_loss 1.759666e-01 | lr 9.482759e-06
08/13/2024 02:21:36 - INFO - pecos.xmc.xtransformer.matcher - | [   2/   2][ 25000/ 30000] | 6464/18535 batches | ms/batch 331.4039 | train_loss 1.760539e-01 | lr 8.620690e-06
08/13/2024 02:24:36 - INFO - pecos.xmc.xtransformer.matcher - | [   2/   2][ 25500/ 30000] | 6964/18535 batches | ms/batch 332.5845 | train_loss 1.758437e-01 | lr 7.758621e-06
08/13/2024 02:27:37 - INFO - pecos.xmc.xtransformer.matcher - | [   2/   2][ 26000/ 30000] | 7464/18535 batches | ms/batch 333.4816 | train_loss 1.758666e-01 | lr 6.896552e-06
08/13/2024 02:30:37 - INFO - pecos.xmc.xtransformer.matcher - | [   2/   2][ 26500/ 30000] | 7964/18535 batches | ms/batch 331.8959 | train_loss 1.758106e-01 | lr 6.034483e-06
08/13/2024 02:33:35 - INFO - pecos.xmc.xtransformer.matcher - | [   2/   2][ 27000/ 30000] | 8464/18535 batches | ms/batch 331.1293 | train_loss 1.757850e-01 | lr 5.172414e-06
08/13/2024 02:36:35 - INFO - pecos.xmc.xtransformer.matcher - | [   2/   2][ 27500/ 30000] | 8964/18535 batches | ms/batch 331.4976 | train_loss 1.756433e-01 | lr 4.310345e-06
08/13/2024 02:39:36 - INFO - pecos.xmc.xtransformer.matcher - | [   2/   2][ 28000/ 30000] | 9464/18535 batches | ms/batch 333.3005 | train_loss 1.755473e-01 | lr 3.448276e-06
08/13/2024 02:42:37 - INFO - pecos.xmc.xtransformer.matcher - | [   2/   2][ 28500/ 30000] | 9964/18535 batches | ms/batch 333.3130 | train_loss 1.756288e-01 | lr 2.586207e-06
08/13/2024 02:45:38 - INFO - pecos.xmc.xtransformer.matcher - | [   2/   2][ 29000/ 30000] | 10464/18535 batches | ms/batch 331.6881 | train_loss 1.755198e-01 | lr 1.724138e-06
08/13/2024 02:48:38 - INFO - pecos.xmc.xtransformer.matcher - | [   2/   2][ 29500/ 30000] | 10964/18535 batches | ms/batch 333.4175 | train_loss 1.755356e-01 | lr 8.620690e-07
08/13/2024 02:51:37 - INFO - pecos.xmc.xtransformer.matcher - | [   2/   2][ 30000/ 30000] | 11464/18535 batches | ms/batch 331.4265 | train_loss 1.755920e-01 | lr 0.000000e+00
08/13/2024 02:51:37 - INFO - pecos.xmc.xtransformer.matcher - | **** saving model (avg_prec=0) to /scratch/slurm_tmpdir/job_23946292/tmpvs63ba3q at global_step 30000 ****
08/13/2024 02:51:39 - INFO - pecos.xmc.xtransformer.matcher - -----------------------------------------------------------------------------------------
08/13/2024 02:51:42 - INFO - pecos.xmc.xtransformer.matcher - Reload the best checkpoint from /scratch/slurm_tmpdir/job_23946292/tmpvs63ba3q
08/13/2024 02:51:48 - INFO - pecos.xmc.xtransformer.matcher - Predict with csr_codes_next((1186239, 13330)) with avr_nnz=650.6143104382844
08/13/2024 02:51:48 - INFO - pecos.xmc.xtransformer.module - Constructed XMCTextTensorizer, tokenized=True, len=1186239
08/13/2024 03:32:13 - INFO - pecos.xmc.xtransformer.model - Constructed instance feature matrix with shape=(1186239, 204650)
08/13/2024 03:32:20 - INFO - pecos.xmc.xtransformer.model - Hierarchical label tree for ranker: [128, 1024, 13330]
08/13/2024 03:32:20 - INFO - pecos.xmc.xtransformer.model - Start training ranker...
08/13/2024 03:32:22 - INFO - pecos.xmc.base - Training Layer 0 of 3 Layers in HierarchicalMLModel, neg_mining=tfn..
08/13/2024 03:34:39 - INFO - pecos.xmc.base - Training Layer 1 of 3 Layers in HierarchicalMLModel, neg_mining=tfn..
08/13/2024 03:35:55 - INFO - pecos.xmc.base - Training Layer 2 of 3 Layers in HierarchicalMLModel, neg_mining=tfn+man..
08/13/2024 04:02:16 - INFO - pecos.xmc.xtransformer.model - Parameters saved to models/amazoncat-13k/bert/param.json
08/13/2024 04:02:20 - INFO - pecos.xmc.xtransformer.model - Model saved to models/amazoncat-13k/bert
08/13/2024 04:16:41 - INFO - __main__ - Setting random seed 0
08/13/2024 04:16:42 - INFO - __main__ - Loaded training feature matrix with shape=(1186239, 203882)
08/13/2024 04:16:43 - INFO - __main__ - Loaded training label matrix with shape=(1186239, 13330)
08/13/2024 04:16:45 - INFO - __main__ - Loaded 1186239 training sequences
08/13/2024 04:16:49 - INFO - pecos.xmc.xtransformer.model - Hierarchical label tree: [128, 1024, 13330]
08/13/2024 04:16:49 - INFO - pecos.xmc.xtransformer.model - Fine-tune Transformers with nr_labels=[128, 1024, 13330]
08/13/2024 04:16:49 - INFO - pecos.xmc.xtransformer.model - Fine-tuning XR-Transformer with tfn+man at level 0, nr_labels=128, avr_M_nnz=128
Some weights of RobertaForXMC were not initialized from the model checkpoint at roberta-base and are newly initialized: ['roberta.pooler.dense.bias', 'roberta.pooler.dense.weight']
You should probably TRAIN this model on a down-stream task to be able to use it for predictions and inference.
08/13/2024 04:16:53 - INFO - pecos.xmc.xtransformer.matcher - Downloaded roberta-base model from s3.
08/13/2024 04:16:53 - INFO - pecos.xmc.xtransformer.matcher - ***** Encoding data len=1186239 truncation=256*****
08/13/2024 04:18:57 - INFO - pecos.xmc.xtransformer.matcher - ***** Finished with time cost=123.87129259109497 *****
08/13/2024 04:20:16 - INFO - pecos.xmc.xtransformer.matcher - trn tensors saved to /scratch/slurm_tmpdir/job_23946292/tmp305vo08o/X_trn.pt
08/13/2024 04:20:18 - INFO - pecos.utils.torch_util - Setting device to cuda, number of active GPUs: 2
08/13/2024 04:20:19 - INFO - pecos.xmc.xtransformer.matcher - Start fine-tuning transformer matcher...
08/13/2024 04:20:19 - INFO - pecos.xmc.xtransformer.module - Constructed XMCTextTensorizer, tokenized=True, len=1186239
/home/ul/ul_student/ul_ruw26/.local/lib/python3.9/site-packages/transformers/optimization.py:429: FutureWarning: This implementation of AdamW is deprecated and will be removed in a future version. Use the PyTorch implementation torch.optim.AdamW instead, or set `no_deprecation_warning=True` to disable this warning
  warnings.warn(
08/13/2024 04:20:20 - INFO - pecos.xmc.xtransformer.matcher - ***** Running training *****
08/13/2024 04:20:20 - INFO - pecos.xmc.xtransformer.matcher -   Num examples = 1186239
08/13/2024 04:20:20 - INFO - pecos.xmc.xtransformer.matcher -   Num labels = 128
08/13/2024 04:20:20 - INFO - pecos.xmc.xtransformer.matcher -   Num Epochs = 1
08/13/2024 04:20:20 - INFO - pecos.xmc.xtransformer.matcher -   Learning Rate Schedule = linear
08/13/2024 04:20:20 - INFO - pecos.xmc.xtransformer.matcher -   Batch size = 64
08/13/2024 04:20:20 - INFO - pecos.xmc.xtransformer.matcher -   Gradient Accumulation steps = 1
08/13/2024 04:20:20 - INFO - pecos.xmc.xtransformer.matcher -   Total optimization steps = 5000
08/13/2024 04:23:26 - INFO - pecos.xmc.xtransformer.matcher - | [   1/   1][   500/  5000] |  499/18535 batches | ms/batch 331.8994 | train_loss 2.753723e-01 | lr 2.500000e-05
08/13/2024 04:26:24 - INFO - pecos.xmc.xtransformer.matcher - | [   1/   1][  1000/  5000] |  999/18535 batches | ms/batch 329.5402 | train_loss 5.542161e-02 | lr 5.000000e-05
08/13/2024 04:29:23 - INFO - pecos.xmc.xtransformer.matcher - | [   1/   1][  1500/  5000] | 1499/18535 batches | ms/batch 329.6485 | train_loss 4.605262e-02 | lr 4.375000e-05
08/13/2024 04:32:21 - INFO - pecos.xmc.xtransformer.matcher - | [   1/   1][  2000/  5000] | 1999/18535 batches | ms/batch 329.7189 | train_loss 4.120553e-02 | lr 3.750000e-05
08/13/2024 04:35:20 - INFO - pecos.xmc.xtransformer.matcher - | [   1/   1][  2500/  5000] | 2499/18535 batches | ms/batch 329.3229 | train_loss 3.941423e-02 | lr 3.125000e-05
08/13/2024 04:38:18 - INFO - pecos.xmc.xtransformer.matcher - | [   1/   1][  3000/  5000] | 2999/18535 batches | ms/batch 330.7452 | train_loss 3.769305e-02 | lr 2.500000e-05
08/13/2024 04:41:17 - INFO - pecos.xmc.xtransformer.matcher - | [   1/   1][  3500/  5000] | 3499/18535 batches | ms/batch 331.5277 | train_loss 3.619906e-02 | lr 1.875000e-05
08/13/2024 04:44:15 - INFO - pecos.xmc.xtransformer.matcher - | [   1/   1][  4000/  5000] | 3999/18535 batches | ms/batch 331.0075 | train_loss 3.456640e-02 | lr 1.250000e-05
08/13/2024 04:47:14 - INFO - pecos.xmc.xtransformer.matcher - | [   1/   1][  4500/  5000] | 4499/18535 batches | ms/batch 331.2251 | train_loss 3.425918e-02 | lr 6.250000e-06
08/13/2024 04:50:13 - INFO - pecos.xmc.xtransformer.matcher - | [   1/   1][  5000/  5000] | 4999/18535 batches | ms/batch 330.4508 | train_loss 3.303792e-02 | lr 0.000000e+00
08/13/2024 04:50:13 - INFO - pecos.xmc.xtransformer.matcher - | **** saving model (avg_prec=0) to /scratch/slurm_tmpdir/job_23946292/tmppu82istq at global_step 5000 ****
08/13/2024 04:50:14 - INFO - pecos.xmc.xtransformer.matcher - -----------------------------------------------------------------------------------------
08/13/2024 04:50:15 - INFO - pecos.xmc.xtransformer.matcher - Reload the best checkpoint from /scratch/slurm_tmpdir/job_23946292/tmppu82istq
08/13/2024 04:50:15 - INFO - pecos.xmc.xtransformer.matcher - Predict on input text tensors(torch.Size([1186239, 256])) in OVA mode
08/13/2024 04:50:15 - INFO - pecos.xmc.xtransformer.module - Constructed XMCTextTensorizer, tokenized=True, len=1186239
08/13/2024 05:28:11 - INFO - pecos.xmc.xtransformer.matcher - Concatenating instance embeddings with features...
08/13/2024 05:28:34 - INFO - pecos.xmc.xtransformer.matcher - Start training concat_model of transformer matcher...
08/13/2024 05:32:20 - INFO - pecos.xmc.xtransformer.matcher - Using concat-only for transformer/concat ensemble of pred_csr
08/13/2024 05:32:57 - INFO - pecos.xmc.xtransformer.model - Fine-tuning XR-Transformer with tfn+man at level 1, nr_labels=1024, avr_M_nnz=50.00252394332002
Some weights of RobertaForXMC were not initialized from the model checkpoint at roberta-base and are newly initialized: ['roberta.pooler.dense.bias', 'roberta.pooler.dense.weight']
You should probably TRAIN this model on a down-stream task to be able to use it for predictions and inference.
08/13/2024 05:33:02 - INFO - pecos.xmc.xtransformer.matcher - Downloaded roberta-base model from s3.
08/13/2024 05:34:38 - INFO - pecos.xmc.xtransformer.matcher - trn tensors loaded_from /scratch/slurm_tmpdir/job_23946292/tmp305vo08o/X_trn.pt
08/13/2024 05:34:38 - INFO - pecos.xmc.xtransformer.matcher - Continue training form given text_encoder!
08/13/2024 06:02:15 - INFO - pecos.xmc.xtransformer.matcher - Initialized transformer text_model with xlinear!
08/13/2024 06:02:15 - INFO - pecos.utils.torch_util - Setting device to cuda, number of active GPUs: 2
08/13/2024 06:02:18 - INFO - pecos.xmc.xtransformer.matcher - Start fine-tuning transformer matcher...
08/13/2024 06:02:20 - INFO - pecos.xmc.xtransformer.module - Constructed XMCTextTensorizer, tokenized=True, len=1186239
/home/ul/ul_student/ul_ruw26/.local/lib/python3.9/site-packages/transformers/optimization.py:429: FutureWarning: This implementation of AdamW is deprecated and will be removed in a future version. Use the PyTorch implementation torch.optim.AdamW instead, or set `no_deprecation_warning=True` to disable this warning
  warnings.warn(
08/13/2024 06:03:15 - INFO - pecos.xmc.xtransformer.matcher - ***** Running training *****
08/13/2024 06:03:15 - INFO - pecos.xmc.xtransformer.matcher -   Num examples = 1186239
08/13/2024 06:03:15 - INFO - pecos.xmc.xtransformer.matcher -   Num labels = 1024
08/13/2024 06:03:15 - INFO - pecos.xmc.xtransformer.matcher -   Num active labels per instance = 432
08/13/2024 06:03:15 - INFO - pecos.xmc.xtransformer.matcher -   Num Epochs = 1
08/13/2024 06:03:15 - INFO - pecos.xmc.xtransformer.matcher -   Learning Rate Schedule = linear
08/13/2024 06:03:15 - INFO - pecos.xmc.xtransformer.matcher -   Batch size = 64
08/13/2024 06:03:15 - INFO - pecos.xmc.xtransformer.matcher -   Gradient Accumulation steps = 1
08/13/2024 06:03:15 - INFO - pecos.xmc.xtransformer.matcher -   Total optimization steps = 10000
08/13/2024 06:06:51 - INFO - pecos.xmc.xtransformer.matcher - | [   1/   1][   500/ 10000] |  499/18535 batches | ms/batch 359.7718 | train_loss 1.280985e-01 | lr 2.500000e-05
08/13/2024 06:09:56 - INFO - pecos.xmc.xtransformer.matcher - | [   1/   1][  1000/ 10000] |  999/18535 batches | ms/batch 333.9950 | train_loss 1.020442e-01 | lr 5.000000e-05
08/13/2024 06:13:01 - INFO - pecos.xmc.xtransformer.matcher - | [   1/   1][  1500/ 10000] | 1499/18535 batches | ms/batch 333.8712 | train_loss 9.995328e-02 | lr 4.722222e-05
08/13/2024 06:16:07 - INFO - pecos.xmc.xtransformer.matcher - | [   1/   1][  2000/ 10000] | 1999/18535 batches | ms/batch 333.9710 | train_loss 9.775454e-02 | lr 4.444444e-05
08/13/2024 06:19:12 - INFO - pecos.xmc.xtransformer.matcher - | [   1/   1][  2500/ 10000] | 2499/18535 batches | ms/batch 333.3905 | train_loss 9.655321e-02 | lr 4.166667e-05
08/13/2024 06:22:17 - INFO - pecos.xmc.xtransformer.matcher - | [   1/   1][  3000/ 10000] | 2999/18535 batches | ms/batch 332.6346 | train_loss 9.503536e-02 | lr 3.888889e-05
08/13/2024 06:25:22 - INFO - pecos.xmc.xtransformer.matcher - | [   1/   1][  3500/ 10000] | 3499/18535 batches | ms/batch 333.7129 | train_loss 9.405298e-02 | lr 3.611111e-05
08/13/2024 06:28:27 - INFO - pecos.xmc.xtransformer.matcher - | [   1/   1][  4000/ 10000] | 3999/18535 batches | ms/batch 332.7402 | train_loss 9.355326e-02 | lr 3.333333e-05
08/13/2024 06:31:32 - INFO - pecos.xmc.xtransformer.matcher - | [   1/   1][  4500/ 10000] | 4499/18535 batches | ms/batch 332.7861 | train_loss 9.283880e-02 | lr 3.055556e-05
08/13/2024 06:34:37 - INFO - pecos.xmc.xtransformer.matcher - | [   1/   1][  5000/ 10000] | 4999/18535 batches | ms/batch 333.7701 | train_loss 9.218585e-02 | lr 2.777778e-05
08/13/2024 06:34:37 - INFO - pecos.xmc.xtransformer.matcher - | **** saving model (avg_prec=0) to /scratch/slurm_tmpdir/job_23946292/tmpi_t4av2b at global_step 5000 ****
08/13/2024 06:34:39 - INFO - pecos.xmc.xtransformer.matcher - -----------------------------------------------------------------------------------------
08/13/2024 06:37:45 - INFO - pecos.xmc.xtransformer.matcher - | [   1/   1][  5500/ 10000] | 5499/18535 batches | ms/batch 333.5808 | train_loss 9.185523e-02 | lr 2.500000e-05
08/13/2024 06:40:50 - INFO - pecos.xmc.xtransformer.matcher - | [   1/   1][  6000/ 10000] | 5999/18535 batches | ms/batch 334.0423 | train_loss 9.149660e-02 | lr 2.222222e-05
08/13/2024 06:43:56 - INFO - pecos.xmc.xtransformer.matcher - | [   1/   1][  6500/ 10000] | 6499/18535 batches | ms/batch 334.6939 | train_loss 9.116129e-02 | lr 1.944444e-05
08/13/2024 06:47:01 - INFO - pecos.xmc.xtransformer.matcher - | [   1/   1][  7000/ 10000] | 6999/18535 batches | ms/batch 332.6621 | train_loss 9.070390e-02 | lr 1.666667e-05
08/13/2024 06:50:06 - INFO - pecos.xmc.xtransformer.matcher - | [   1/   1][  7500/ 10000] | 7499/18535 batches | ms/batch 332.6296 | train_loss 9.022297e-02 | lr 1.388889e-05
08/13/2024 06:53:11 - INFO - pecos.xmc.xtransformer.matcher - | [   1/   1][  8000/ 10000] | 7999/18535 batches | ms/batch 333.3005 | train_loss 9.005751e-02 | lr 1.111111e-05
08/13/2024 06:56:16 - INFO - pecos.xmc.xtransformer.matcher - | [   1/   1][  8500/ 10000] | 8499/18535 batches | ms/batch 333.2922 | train_loss 8.991679e-02 | lr 8.333333e-06
08/13/2024 06:59:21 - INFO - pecos.xmc.xtransformer.matcher - | [   1/   1][  9000/ 10000] | 8999/18535 batches | ms/batch 333.9193 | train_loss 8.974591e-02 | lr 5.555556e-06
08/13/2024 07:02:26 - INFO - pecos.xmc.xtransformer.matcher - | [   1/   1][  9500/ 10000] | 9499/18535 batches | ms/batch 333.5026 | train_loss 8.950356e-02 | lr 2.777778e-06
08/13/2024 07:05:31 - INFO - pecos.xmc.xtransformer.matcher - | [   1/   1][ 10000/ 10000] | 9999/18535 batches | ms/batch 333.7517 | train_loss 8.951425e-02 | lr 0.000000e+00
08/13/2024 07:05:31 - INFO - pecos.xmc.xtransformer.matcher - | **** saving model (avg_prec=0) to /scratch/slurm_tmpdir/job_23946292/tmpi_t4av2b at global_step 10000 ****
08/13/2024 07:05:32 - INFO - pecos.xmc.xtransformer.matcher - -----------------------------------------------------------------------------------------
08/13/2024 07:05:34 - INFO - pecos.xmc.xtransformer.matcher - Reload the best checkpoint from /scratch/slurm_tmpdir/job_23946292/tmpi_t4av2b
08/13/2024 07:05:39 - INFO - pecos.xmc.xtransformer.matcher - Predict with csr_codes_next((1186239, 1024)) with avr_nnz=400.0
08/13/2024 07:05:39 - INFO - pecos.xmc.xtransformer.module - Constructed XMCTextTensorizer, tokenized=True, len=1186239
08/13/2024 07:45:46 - INFO - pecos.xmc.xtransformer.matcher - Concatenating instance embeddings with features...
08/13/2024 07:46:15 - INFO - pecos.xmc.xtransformer.matcher - Start training concat_model of transformer matcher...
08/13/2024 07:56:05 - INFO - pecos.xmc.xtransformer.matcher - Using concat-only for transformer/concat ensemble of pred_csr
08/13/2024 07:56:42 - INFO - pecos.xmc.xtransformer.model - Fine-tuning XR-Transformer with tfn+man at level 2, nr_labels=13330, avr_M_nnz=50.05081859557813
Some weights of RobertaForXMC were not initialized from the model checkpoint at roberta-base and are newly initialized: ['roberta.pooler.dense.bias', 'roberta.pooler.dense.weight']
You should probably TRAIN this model on a down-stream task to be able to use it for predictions and inference.
08/13/2024 07:56:52 - INFO - pecos.xmc.xtransformer.matcher - Downloaded roberta-base model from s3.
08/13/2024 07:58:27 - INFO - pecos.xmc.xtransformer.matcher - trn tensors loaded_from /scratch/slurm_tmpdir/job_23946292/tmp305vo08o/X_trn.pt
08/13/2024 07:58:27 - INFO - pecos.xmc.xtransformer.matcher - Continue training form given text_encoder!
08/13/2024 08:20:05 - INFO - pecos.xmc.xtransformer.matcher - Initialized transformer text_model with xlinear!
08/13/2024 08:20:05 - INFO - pecos.utils.torch_util - Setting device to cuda, number of active GPUs: 2
08/13/2024 08:20:08 - INFO - pecos.xmc.xtransformer.matcher - Start fine-tuning transformer matcher...
08/13/2024 08:20:13 - INFO - pecos.xmc.xtransformer.module - Constructed XMCTextTensorizer, tokenized=True, len=1186239
/home/ul/ul_student/ul_ruw26/.local/lib/python3.9/site-packages/transformers/optimization.py:429: FutureWarning: This implementation of AdamW is deprecated and will be removed in a future version. Use the PyTorch implementation torch.optim.AdamW instead, or set `no_deprecation_warning=True` to disable this warning
  warnings.warn(
08/13/2024 08:21:18 - INFO - pecos.xmc.xtransformer.matcher - ***** Running training *****
08/13/2024 08:21:18 - INFO - pecos.xmc.xtransformer.matcher -   Num examples = 1186239
08/13/2024 08:21:18 - INFO - pecos.xmc.xtransformer.matcher -   Num labels = 13330
08/13/2024 08:21:18 - INFO - pecos.xmc.xtransformer.matcher -   Num active labels per instance = 806
08/13/2024 08:21:18 - INFO - pecos.xmc.xtransformer.matcher -   Num Epochs = 2
08/13/2024 08:21:18 - INFO - pecos.xmc.xtransformer.matcher -   Learning Rate Schedule = linear
08/13/2024 08:21:18 - INFO - pecos.xmc.xtransformer.matcher -   Batch size = 64
08/13/2024 08:21:18 - INFO - pecos.xmc.xtransformer.matcher -   Gradient Accumulation steps = 1
08/13/2024 08:21:18 - INFO - pecos.xmc.xtransformer.matcher -   Total optimization steps = 30000
08/13/2024 08:24:44 - INFO - pecos.xmc.xtransformer.matcher - | [   1/   2][   500/ 30000] |  499/18535 batches | ms/batch 346.1107 | train_loss 2.310994e-01 | lr 2.500000e-05
08/13/2024 08:27:44 - INFO - pecos.xmc.xtransformer.matcher - | [   1/   2][  1000/ 30000] |  999/18535 batches | ms/batch 331.8575 | train_loss 2.221369e-01 | lr 5.000000e-05
08/13/2024 08:30:44 - INFO - pecos.xmc.xtransformer.matcher - | [   1/   2][  1500/ 30000] | 1499/18535 batches | ms/batch 333.2825 | train_loss 2.204817e-01 | lr 4.913793e-05
08/13/2024 08:33:44 - INFO - pecos.xmc.xtransformer.matcher - | [   1/   2][  2000/ 30000] | 1999/18535 batches | ms/batch 332.7498 | train_loss 2.173995e-01 | lr 4.827586e-05
08/13/2024 08:36:43 - INFO - pecos.xmc.xtransformer.matcher - | [   1/   2][  2500/ 30000] | 2499/18535 batches | ms/batch 333.3559 | train_loss 2.156830e-01 | lr 4.741379e-05
08/13/2024 08:39:44 - INFO - pecos.xmc.xtransformer.matcher - | [   1/   2][  3000/ 30000] | 2999/18535 batches | ms/batch 333.3833 | train_loss 2.140926e-01 | lr 4.655172e-05
08/13/2024 08:42:43 - INFO - pecos.xmc.xtransformer.matcher - | [   1/   2][  3500/ 30000] | 3499/18535 batches | ms/batch 332.6075 | train_loss 2.130543e-01 | lr 4.568966e-05
08/13/2024 08:45:43 - INFO - pecos.xmc.xtransformer.matcher - | [   1/   2][  4000/ 30000] | 3999/18535 batches | ms/batch 332.6548 | train_loss 2.121378e-01 | lr 4.482759e-05
08/13/2024 08:48:42 - INFO - pecos.xmc.xtransformer.matcher - | [   1/   2][  4500/ 30000] | 4499/18535 batches | ms/batch 332.7910 | train_loss 2.115538e-01 | lr 4.396552e-05
08/13/2024 08:51:42 - INFO - pecos.xmc.xtransformer.matcher - | [   1/   2][  5000/ 30000] | 4999/18535 batches | ms/batch 332.4473 | train_loss 2.108018e-01 | lr 4.310345e-05
08/13/2024 08:54:41 - INFO - pecos.xmc.xtransformer.matcher - | [   1/   2][  5500/ 30000] | 5499/18535 batches | ms/batch 332.8828 | train_loss 2.102890e-01 | lr 4.224138e-05
08/13/2024 08:57:40 - INFO - pecos.xmc.xtransformer.matcher - | [   1/   2][  6000/ 30000] | 5999/18535 batches | ms/batch 332.6134 | train_loss 2.097214e-01 | lr 4.137931e-05
08/13/2024 09:00:40 - INFO - pecos.xmc.xtransformer.matcher - | [   1/   2][  6500/ 30000] | 6499/18535 batches | ms/batch 332.1216 | train_loss 2.093323e-01 | lr 4.051724e-05
08/13/2024 09:03:39 - INFO - pecos.xmc.xtransformer.matcher - | [   1/   2][  7000/ 30000] | 6999/18535 batches | ms/batch 332.4425 | train_loss 2.091004e-01 | lr 3.965517e-05
08/13/2024 09:06:39 - INFO - pecos.xmc.xtransformer.matcher - | [   1/   2][  7500/ 30000] | 7499/18535 batches | ms/batch 332.8126 | train_loss 2.089246e-01 | lr 3.879310e-05
08/13/2024 09:09:37 - INFO - pecos.xmc.xtransformer.matcher - | [   1/   2][  8000/ 30000] | 7999/18535 batches | ms/batch 331.6459 | train_loss 2.083631e-01 | lr 3.793103e-05
08/13/2024 09:12:37 - INFO - pecos.xmc.xtransformer.matcher - | [   1/   2][  8500/ 30000] | 8499/18535 batches | ms/batch 332.6198 | train_loss 2.083229e-01 | lr 3.706897e-05
08/13/2024 09:15:37 - INFO - pecos.xmc.xtransformer.matcher - | [   1/   2][  9000/ 30000] | 8999/18535 batches | ms/batch 332.9761 | train_loss 2.079242e-01 | lr 3.620690e-05
08/13/2024 09:18:37 - INFO - pecos.xmc.xtransformer.matcher - | [   1/   2][  9500/ 30000] | 9499/18535 batches | ms/batch 333.0865 | train_loss 2.076661e-01 | lr 3.534483e-05
08/13/2024 09:21:37 - INFO - pecos.xmc.xtransformer.matcher - | [   1/   2][ 10000/ 30000] | 9999/18535 batches | ms/batch 332.7664 | train_loss 2.072826e-01 | lr 3.448276e-05
08/13/2024 09:21:37 - INFO - pecos.xmc.xtransformer.matcher - | **** saving model (avg_prec=0) to /scratch/slurm_tmpdir/job_23946292/tmp8nec26p3 at global_step 10000 ****
08/13/2024 09:21:40 - INFO - pecos.xmc.xtransformer.matcher - -----------------------------------------------------------------------------------------
08/13/2024 09:24:39 - INFO - pecos.xmc.xtransformer.matcher - | [   1/   2][ 10500/ 30000] | 10499/18535 batches | ms/batch 332.6882 | train_loss 2.072101e-01 | lr 3.362069e-05
08/13/2024 09:27:41 - INFO - pecos.xmc.xtransformer.matcher - | [   1/   2][ 11000/ 30000] | 10999/18535 batches | ms/batch 336.8493 | train_loss 2.077414e-01 | lr 3.275862e-05
08/13/2024 09:30:40 - INFO - pecos.xmc.xtransformer.matcher - | [   1/   2][ 11500/ 30000] | 11499/18535 batches | ms/batch 332.7204 | train_loss 2.066836e-01 | lr 3.189655e-05
08/13/2024 09:33:39 - INFO - pecos.xmc.xtransformer.matcher - | [   1/   2][ 12000/ 30000] | 11999/18535 batches | ms/batch 332.2656 | train_loss 2.066740e-01 | lr 3.103448e-05
08/13/2024 09:36:38 - INFO - pecos.xmc.xtransformer.matcher - | [   1/   2][ 12500/ 30000] | 12499/18535 batches | ms/batch 332.3528 | train_loss 2.065976e-01 | lr 3.017241e-05
08/13/2024 09:39:37 - INFO - pecos.xmc.xtransformer.matcher - | [   1/   2][ 13000/ 30000] | 12999/18535 batches | ms/batch 332.2154 | train_loss 2.063630e-01 | lr 2.931034e-05
08/13/2024 09:42:37 - INFO - pecos.xmc.xtransformer.matcher - | [   1/   2][ 13500/ 30000] | 13499/18535 batches | ms/batch 332.9077 | train_loss 2.062341e-01 | lr 2.844828e-05
08/13/2024 09:45:37 - INFO - pecos.xmc.xtransformer.matcher - | [   1/   2][ 14000/ 30000] | 13999/18535 batches | ms/batch 332.3723 | train_loss 2.058842e-01 | lr 2.758621e-05
08/13/2024 09:48:37 - INFO - pecos.xmc.xtransformer.matcher - | [   1/   2][ 14500/ 30000] | 14499/18535 batches | ms/batch 332.6808 | train_loss 2.057699e-01 | lr 2.672414e-05
08/13/2024 09:51:36 - INFO - pecos.xmc.xtransformer.matcher - | [   1/   2][ 15000/ 30000] | 14999/18535 batches | ms/batch 332.4661 | train_loss 2.056434e-01 | lr 2.586207e-05
08/13/2024 09:54:36 - INFO - pecos.xmc.xtransformer.matcher - | [   1/   2][ 15500/ 30000] | 15499/18535 batches | ms/batch 331.8205 | train_loss 2.054446e-01 | lr 2.500000e-05
08/13/2024 09:57:36 - INFO - pecos.xmc.xtransformer.matcher - | [   1/   2][ 16000/ 30000] | 15999/18535 batches | ms/batch 332.7356 | train_loss 2.052695e-01 | lr 2.413793e-05
08/13/2024 10:00:35 - INFO - pecos.xmc.xtransformer.matcher - | [   1/   2][ 16500/ 30000] | 16499/18535 batches | ms/batch 332.7265 | train_loss 2.052816e-01 | lr 2.327586e-05
08/13/2024 10:03:34 - INFO - pecos.xmc.xtransformer.matcher - | [   1/   2][ 17000/ 30000] | 16999/18535 batches | ms/batch 332.3764 | train_loss 2.051599e-01 | lr 2.241379e-05
08/13/2024 10:06:33 - INFO - pecos.xmc.xtransformer.matcher - | [   1/   2][ 17500/ 30000] | 17499/18535 batches | ms/batch 332.3419 | train_loss 2.050607e-01 | lr 2.155172e-05
08/13/2024 10:09:33 - INFO - pecos.xmc.xtransformer.matcher - | [   1/   2][ 18000/ 30000] | 17999/18535 batches | ms/batch 333.3837 | train_loss 2.049044e-01 | lr 2.068966e-05
08/13/2024 10:12:33 - INFO - pecos.xmc.xtransformer.matcher - | [   1/   2][ 18500/ 30000] | 18499/18535 batches | ms/batch 333.7774 | train_loss 2.047783e-01 | lr 1.982759e-05
08/13/2024 10:15:51 - INFO - pecos.xmc.xtransformer.matcher - | [   2/   2][ 19000/ 30000] |  464/18535 batches | ms/batch 332.4302 | train_loss 2.043055e-01 | lr 1.896552e-05
08/13/2024 10:18:50 - INFO - pecos.xmc.xtransformer.matcher - | [   2/   2][ 19500/ 30000] |  964/18535 batches | ms/batch 332.1644 | train_loss 2.041986e-01 | lr 1.810345e-05
08/13/2024 10:21:50 - INFO - pecos.xmc.xtransformer.matcher - | [   2/   2][ 20000/ 30000] | 1464/18535 batches | ms/batch 332.4896 | train_loss 2.040302e-01 | lr 1.724138e-05
08/13/2024 10:21:50 - INFO - pecos.xmc.xtransformer.matcher - | **** saving model (avg_prec=0) to /scratch/slurm_tmpdir/job_23946292/tmp8nec26p3 at global_step 20000 ****
08/13/2024 10:21:52 - INFO - pecos.xmc.xtransformer.matcher - -----------------------------------------------------------------------------------------
08/13/2024 10:24:51 - INFO - pecos.xmc.xtransformer.matcher - | [   2/   2][ 20500/ 30000] | 1964/18535 batches | ms/batch 332.0833 | train_loss 2.040004e-01 | lr 1.637931e-05
08/13/2024 10:27:51 - INFO - pecos.xmc.xtransformer.matcher - | [   2/   2][ 21000/ 30000] | 2464/18535 batches | ms/batch 335.0057 | train_loss 2.040869e-01 | lr 1.551724e-05
08/13/2024 10:30:51 - INFO - pecos.xmc.xtransformer.matcher - | [   2/   2][ 21500/ 30000] | 2964/18535 batches | ms/batch 333.6653 | train_loss 2.039286e-01 | lr 1.465517e-05
08/13/2024 10:33:53 - INFO - pecos.xmc.xtransformer.matcher - | [   2/   2][ 22000/ 30000] | 3464/18535 batches | ms/batch 334.8860 | train_loss 2.038688e-01 | lr 1.379310e-05
08/13/2024 10:36:55 - INFO - pecos.xmc.xtransformer.matcher - | [   2/   2][ 22500/ 30000] | 3964/18535 batches | ms/batch 334.6216 | train_loss 2.037930e-01 | lr 1.293103e-05
08/13/2024 10:39:54 - INFO - pecos.xmc.xtransformer.matcher - | [   2/   2][ 23000/ 30000] | 4464/18535 batches | ms/batch 332.6220 | train_loss 2.035425e-01 | lr 1.206897e-05
08/13/2024 10:42:54 - INFO - pecos.xmc.xtransformer.matcher - | [   2/   2][ 23500/ 30000] | 4964/18535 batches | ms/batch 332.7330 | train_loss 2.037437e-01 | lr 1.120690e-05
08/13/2024 10:45:53 - INFO - pecos.xmc.xtransformer.matcher - | [   2/   2][ 24000/ 30000] | 5464/18535 batches | ms/batch 332.3294 | train_loss 2.035541e-01 | lr 1.034483e-05
08/13/2024 10:48:51 - INFO - pecos.xmc.xtransformer.matcher - | [   2/   2][ 24500/ 30000] | 5964/18535 batches | ms/batch 332.5198 | train_loss 2.033917e-01 | lr 9.482759e-06
08/13/2024 10:51:51 - INFO - pecos.xmc.xtransformer.matcher - | [   2/   2][ 25000/ 30000] | 6464/18535 batches | ms/batch 333.1510 | train_loss 2.034535e-01 | lr 8.620690e-06
08/13/2024 10:55:10 - INFO - pecos.xmc.xtransformer.matcher - | [   2/   2][ 25500/ 30000] | 6964/18535 batches | ms/batch 354.6520 | train_loss 2.032729e-01 | lr 7.758621e-06
08/13/2024 10:58:08 - INFO - pecos.xmc.xtransformer.matcher - | [   2/   2][ 26000/ 30000] | 7464/18535 batches | ms/batch 332.2652 | train_loss 2.033041e-01 | lr 6.896552e-06
08/13/2024 11:01:08 - INFO - pecos.xmc.xtransformer.matcher - | [   2/   2][ 26500/ 30000] | 7964/18535 batches | ms/batch 332.9661 | train_loss 2.033166e-01 | lr 6.034483e-06
08/13/2024 11:04:07 - INFO - pecos.xmc.xtransformer.matcher - | [   2/   2][ 27000/ 30000] | 8464/18535 batches | ms/batch 332.1750 | train_loss 2.031967e-01 | lr 5.172414e-06
08/13/2024 11:07:06 - INFO - pecos.xmc.xtransformer.matcher - | [   2/   2][ 27500/ 30000] | 8964/18535 batches | ms/batch 332.1430 | train_loss 2.031632e-01 | lr 4.310345e-06
08/13/2024 11:10:07 - INFO - pecos.xmc.xtransformer.matcher - | [   2/   2][ 28000/ 30000] | 9464/18535 batches | ms/batch 333.7292 | train_loss 2.031362e-01 | lr 3.448276e-06
08/13/2024 11:13:07 - INFO - pecos.xmc.xtransformer.matcher - | [   2/   2][ 28500/ 30000] | 9964/18535 batches | ms/batch 332.5111 | train_loss 2.030430e-01 | lr 2.586207e-06
08/13/2024 11:16:06 - INFO - pecos.xmc.xtransformer.matcher - | [   2/   2][ 29000/ 30000] | 10464/18535 batches | ms/batch 332.9067 | train_loss 2.029814e-01 | lr 1.724138e-06
08/13/2024 11:19:05 - INFO - pecos.xmc.xtransformer.matcher - | [   2/   2][ 29500/ 30000] | 10964/18535 batches | ms/batch 331.8704 | train_loss 2.029626e-01 | lr 8.620690e-07
08/13/2024 11:22:03 - INFO - pecos.xmc.xtransformer.matcher - | [   2/   2][ 30000/ 30000] | 11464/18535 batches | ms/batch 332.3847 | train_loss 2.029645e-01 | lr 0.000000e+00
08/13/2024 11:22:03 - INFO - pecos.xmc.xtransformer.matcher - | **** saving model (avg_prec=0) to /scratch/slurm_tmpdir/job_23946292/tmp8nec26p3 at global_step 30000 ****
08/13/2024 11:22:05 - INFO - pecos.xmc.xtransformer.matcher - -----------------------------------------------------------------------------------------
08/13/2024 11:22:08 - INFO - pecos.xmc.xtransformer.matcher - Reload the best checkpoint from /scratch/slurm_tmpdir/job_23946292/tmp8nec26p3
08/13/2024 11:22:16 - INFO - pecos.xmc.xtransformer.matcher - Predict with csr_codes_next((1186239, 13330)) with avr_nnz=650.7023298003185
08/13/2024 11:22:16 - INFO - pecos.xmc.xtransformer.module - Constructed XMCTextTensorizer, tokenized=True, len=1186239
08/13/2024 12:03:18 - INFO - pecos.xmc.xtransformer.model - Constructed instance feature matrix with shape=(1186239, 204650)
08/13/2024 12:03:26 - INFO - pecos.xmc.xtransformer.model - Hierarchical label tree for ranker: [128, 1024, 13330]
08/13/2024 12:03:26 - INFO - pecos.xmc.xtransformer.model - Start training ranker...
08/13/2024 12:03:27 - INFO - pecos.xmc.base - Training Layer 0 of 3 Layers in HierarchicalMLModel, neg_mining=tfn..
08/13/2024 12:05:43 - INFO - pecos.xmc.base - Training Layer 1 of 3 Layers in HierarchicalMLModel, neg_mining=tfn..
08/13/2024 12:07:07 - INFO - pecos.xmc.base - Training Layer 2 of 3 Layers in HierarchicalMLModel, neg_mining=tfn+man..
08/13/2024 12:31:42 - INFO - pecos.xmc.xtransformer.model - Parameters saved to models/amazoncat-13k/roberta/param.json
08/13/2024 12:31:46 - INFO - pecos.xmc.xtransformer.model - Model saved to models/amazoncat-13k/roberta
08/13/2024 12:46:03 - INFO - __main__ - Setting random seed 0
08/13/2024 12:46:05 - INFO - __main__ - Loaded training feature matrix with shape=(1186239, 203882)
08/13/2024 12:46:05 - INFO - __main__ - Loaded training label matrix with shape=(1186239, 13330)
08/13/2024 12:46:08 - INFO - __main__ - Loaded 1186239 training sequences
08/13/2024 12:46:11 - INFO - pecos.xmc.xtransformer.model - Hierarchical label tree: [128, 1024, 13330]
08/13/2024 12:46:11 - INFO - pecos.xmc.xtransformer.model - Fine-tune Transformers with nr_labels=[128, 1024, 13330]
08/13/2024 12:46:11 - INFO - pecos.xmc.xtransformer.model - Fine-tuning XR-Transformer with tfn+man at level 0, nr_labels=128, avr_M_nnz=128
08/13/2024 12:46:13 - INFO - pecos.xmc.xtransformer.matcher - Downloaded xlnet-base-cased model from s3.
08/13/2024 12:46:13 - INFO - pecos.xmc.xtransformer.matcher - ***** Encoding data len=1186239 truncation=256*****
08/13/2024 12:48:55 - INFO - pecos.xmc.xtransformer.matcher - ***** Finished with time cost=161.2783350944519 *****
08/13/2024 12:50:24 - INFO - pecos.xmc.xtransformer.matcher - trn tensors saved to /scratch/slurm_tmpdir/job_23946292/tmp7l8d_ddu/X_trn.pt
08/13/2024 12:50:27 - INFO - pecos.utils.torch_util - Setting device to cuda, number of active GPUs: 2
08/13/2024 12:50:28 - INFO - pecos.xmc.xtransformer.matcher - Start fine-tuning transformer matcher...
08/13/2024 12:50:28 - INFO - pecos.xmc.xtransformer.module - Constructed XMCTextTensorizer, tokenized=True, len=1186239
/home/ul/ul_student/ul_ruw26/.local/lib/python3.9/site-packages/transformers/optimization.py:429: FutureWarning: This implementation of AdamW is deprecated and will be removed in a future version. Use the PyTorch implementation torch.optim.AdamW instead, or set `no_deprecation_warning=True` to disable this warning
  warnings.warn(
08/13/2024 12:50:28 - INFO - pecos.xmc.xtransformer.matcher - ***** Running training *****
08/13/2024 12:50:28 - INFO - pecos.xmc.xtransformer.matcher -   Num examples = 1186239
08/13/2024 12:50:28 - INFO - pecos.xmc.xtransformer.matcher -   Num labels = 128
08/13/2024 12:50:28 - INFO - pecos.xmc.xtransformer.matcher -   Num Epochs = 1
08/13/2024 12:50:28 - INFO - pecos.xmc.xtransformer.matcher -   Learning Rate Schedule = linear
08/13/2024 12:50:28 - INFO - pecos.xmc.xtransformer.matcher -   Batch size = 64
08/13/2024 12:50:28 - INFO - pecos.xmc.xtransformer.matcher -   Gradient Accumulation steps = 1
08/13/2024 12:50:28 - INFO - pecos.xmc.xtransformer.matcher -   Total optimization steps = 5000
08/13/2024 12:55:22 - INFO - pecos.xmc.xtransformer.matcher - | [   1/   1][   500/  5000] |  499/18535 batches | ms/batch 536.8331 | train_loss 2.299479e-01 | lr 2.500000e-05
08/13/2024 13:00:00 - INFO - pecos.xmc.xtransformer.matcher - | [   1/   1][  1000/  5000] |  999/18535 batches | ms/batch 531.8630 | train_loss 5.812078e-02 | lr 5.000000e-05
08/13/2024 13:04:37 - INFO - pecos.xmc.xtransformer.matcher - | [   1/   1][  1500/  5000] | 1499/18535 batches | ms/batch 530.6560 | train_loss 4.818074e-02 | lr 4.375000e-05
08/13/2024 13:09:15 - INFO - pecos.xmc.xtransformer.matcher - | [   1/   1][  2000/  5000] | 1999/18535 batches | ms/batch 530.1409 | train_loss 4.356235e-02 | lr 3.750000e-05
08/13/2024 13:13:54 - INFO - pecos.xmc.xtransformer.matcher - | [   1/   1][  2500/  5000] | 2499/18535 batches | ms/batch 531.2806 | train_loss 4.047618e-02 | lr 3.125000e-05
08/13/2024 13:18:31 - INFO - pecos.xmc.xtransformer.matcher - | [   1/   1][  3000/  5000] | 2999/18535 batches | ms/batch 531.5606 | train_loss 3.901479e-02 | lr 2.500000e-05
08/13/2024 13:23:09 - INFO - pecos.xmc.xtransformer.matcher - | [   1/   1][  3500/  5000] | 3499/18535 batches | ms/batch 531.6956 | train_loss 3.726350e-02 | lr 1.875000e-05
08/13/2024 13:27:47 - INFO - pecos.xmc.xtransformer.matcher - | [   1/   1][  4000/  5000] | 3999/18535 batches | ms/batch 531.5586 | train_loss 3.618411e-02 | lr 1.250000e-05
08/13/2024 13:32:25 - INFO - pecos.xmc.xtransformer.matcher - | [   1/   1][  4500/  5000] | 4499/18535 batches | ms/batch 531.6980 | train_loss 3.518890e-02 | lr 6.250000e-06
08/13/2024 13:37:02 - INFO - pecos.xmc.xtransformer.matcher - | [   1/   1][  5000/  5000] | 4999/18535 batches | ms/batch 531.3078 | train_loss 3.402053e-02 | lr 0.000000e+00
08/13/2024 13:37:02 - INFO - pecos.xmc.xtransformer.matcher - | **** saving model (avg_prec=0) to /scratch/slurm_tmpdir/job_23946292/tmprj_xa9iq at global_step 5000 ****
08/13/2024 13:37:03 - INFO - pecos.xmc.xtransformer.matcher - -----------------------------------------------------------------------------------------
08/13/2024 13:37:05 - INFO - pecos.xmc.xtransformer.matcher - Reload the best checkpoint from /scratch/slurm_tmpdir/job_23946292/tmprj_xa9iq
08/13/2024 13:37:06 - INFO - pecos.xmc.xtransformer.matcher - Predict on input text tensors(torch.Size([1186239, 256])) in OVA mode
08/13/2024 13:37:06 - INFO - pecos.xmc.xtransformer.module - Constructed XMCTextTensorizer, tokenized=True, len=1186239
08/13/2024 14:39:12 - INFO - pecos.xmc.xtransformer.matcher - Concatenating instance embeddings with features...
08/13/2024 14:39:36 - INFO - pecos.xmc.xtransformer.matcher - Start training concat_model of transformer matcher...
08/13/2024 14:43:23 - INFO - pecos.xmc.xtransformer.matcher - Using concat-only for transformer/concat ensemble of pred_csr
08/13/2024 14:44:06 - INFO - pecos.xmc.xtransformer.model - Fine-tuning XR-Transformer with tfn+man at level 1, nr_labels=1024, avr_M_nnz=50.002421097266236
08/13/2024 14:44:10 - INFO - pecos.xmc.xtransformer.matcher - Downloaded xlnet-base-cased model from s3.
08/13/2024 14:45:49 - INFO - pecos.xmc.xtransformer.matcher - trn tensors loaded_from /scratch/slurm_tmpdir/job_23946292/tmp7l8d_ddu/X_trn.pt
08/13/2024 14:45:50 - INFO - pecos.xmc.xtransformer.matcher - Continue training form given text_encoder!
08/13/2024 15:10:41 - INFO - pecos.xmc.xtransformer.matcher - Initialized transformer text_model with xlinear!
08/13/2024 15:10:41 - INFO - pecos.utils.torch_util - Setting device to cuda, number of active GPUs: 2
08/13/2024 15:10:47 - INFO - pecos.xmc.xtransformer.matcher - Start fine-tuning transformer matcher...
08/13/2024 15:10:49 - INFO - pecos.xmc.xtransformer.module - Constructed XMCTextTensorizer, tokenized=True, len=1186239
/home/ul/ul_student/ul_ruw26/.local/lib/python3.9/site-packages/transformers/optimization.py:429: FutureWarning: This implementation of AdamW is deprecated and will be removed in a future version. Use the PyTorch implementation torch.optim.AdamW instead, or set `no_deprecation_warning=True` to disable this warning
  warnings.warn(
08/13/2024 15:11:42 - INFO - pecos.xmc.xtransformer.matcher - ***** Running training *****
08/13/2024 15:11:42 - INFO - pecos.xmc.xtransformer.matcher -   Num examples = 1186239
08/13/2024 15:11:42 - INFO - pecos.xmc.xtransformer.matcher -   Num labels = 1024
08/13/2024 15:11:42 - INFO - pecos.xmc.xtransformer.matcher -   Num active labels per instance = 432
08/13/2024 15:11:42 - INFO - pecos.xmc.xtransformer.matcher -   Num Epochs = 1
08/13/2024 15:11:42 - INFO - pecos.xmc.xtransformer.matcher -   Learning Rate Schedule = linear
08/13/2024 15:11:42 - INFO - pecos.xmc.xtransformer.matcher -   Batch size = 64
08/13/2024 15:11:42 - INFO - pecos.xmc.xtransformer.matcher -   Gradient Accumulation steps = 1
08/13/2024 15:11:42 - INFO - pecos.xmc.xtransformer.matcher -   Total optimization steps = 10000
08/13/2024 15:16:53 - INFO - pecos.xmc.xtransformer.matcher - | [   1/   1][   500/ 10000] |  499/18535 batches | ms/batch 549.2231 | train_loss 1.459629e-01 | lr 2.500000e-05
08/13/2024 15:21:34 - INFO - pecos.xmc.xtransformer.matcher - | [   1/   1][  1000/ 10000] |  999/18535 batches | ms/batch 534.4533 | train_loss 1.093036e-01 | lr 5.000000e-05
08/13/2024 15:26:17 - INFO - pecos.xmc.xtransformer.matcher - | [   1/   1][  1500/ 10000] | 1499/18535 batches | ms/batch 539.0225 | train_loss 1.034383e-01 | lr 4.722222e-05
08/13/2024 15:30:58 - INFO - pecos.xmc.xtransformer.matcher - | [   1/   1][  2000/ 10000] | 1999/18535 batches | ms/batch 533.4412 | train_loss 1.002614e-01 | lr 4.444444e-05
08/13/2024 15:35:39 - INFO - pecos.xmc.xtransformer.matcher - | [   1/   1][  2500/ 10000] | 2499/18535 batches | ms/batch 533.4687 | train_loss 9.846706e-02 | lr 4.166667e-05
08/13/2024 15:40:21 - INFO - pecos.xmc.xtransformer.matcher - | [   1/   1][  3000/ 10000] | 2999/18535 batches | ms/batch 535.1481 | train_loss 9.764808e-02 | lr 3.888889e-05
08/13/2024 15:45:03 - INFO - pecos.xmc.xtransformer.matcher - | [   1/   1][  3500/ 10000] | 3499/18535 batches | ms/batch 536.9640 | train_loss 9.607619e-02 | lr 3.611111e-05
08/13/2024 15:49:45 - INFO - pecos.xmc.xtransformer.matcher - | [   1/   1][  4000/ 10000] | 3999/18535 batches | ms/batch 535.7302 | train_loss 9.544316e-02 | lr 3.333333e-05
08/13/2024 15:54:27 - INFO - pecos.xmc.xtransformer.matcher - | [   1/   1][  4500/ 10000] | 4499/18535 batches | ms/batch 534.7464 | train_loss 9.484437e-02 | lr 3.055556e-05
08/13/2024 15:59:10 - INFO - pecos.xmc.xtransformer.matcher - | [   1/   1][  5000/ 10000] | 4999/18535 batches | ms/batch 538.5610 | train_loss 9.422290e-02 | lr 2.777778e-05
08/13/2024 15:59:10 - INFO - pecos.xmc.xtransformer.matcher - | **** saving model (avg_prec=0) to /scratch/slurm_tmpdir/job_23946292/tmpar85fpwr at global_step 5000 ****
08/13/2024 15:59:13 - INFO - pecos.xmc.xtransformer.matcher - -----------------------------------------------------------------------------------------
08/13/2024 16:03:55 - INFO - pecos.xmc.xtransformer.matcher - | [   1/   1][  5500/ 10000] | 5499/18535 batches | ms/batch 536.8797 | train_loss 9.387314e-02 | lr 2.500000e-05
08/13/2024 16:08:37 - INFO - pecos.xmc.xtransformer.matcher - | [   1/   1][  6000/ 10000] | 5999/18535 batches | ms/batch 535.0074 | train_loss 9.312354e-02 | lr 2.222222e-05
08/13/2024 16:13:18 - INFO - pecos.xmc.xtransformer.matcher - | [   1/   1][  6500/ 10000] | 6499/18535 batches | ms/batch 535.1926 | train_loss 9.299101e-02 | lr 1.944444e-05
08/13/2024 16:18:06 - INFO - pecos.xmc.xtransformer.matcher - | [   1/   1][  7000/ 10000] | 6999/18535 batches | ms/batch 544.1361 | train_loss 9.296041e-02 | lr 1.666667e-05
08/13/2024 16:22:49 - INFO - pecos.xmc.xtransformer.matcher - | [   1/   1][  7500/ 10000] | 7499/18535 batches | ms/batch 536.1334 | train_loss 9.224411e-02 | lr 1.388889e-05
08/13/2024 16:27:30 - INFO - pecos.xmc.xtransformer.matcher - | [   1/   1][  8000/ 10000] | 7999/18535 batches | ms/batch 534.7741 | train_loss 9.168702e-02 | lr 1.111111e-05
08/13/2024 16:32:10 - INFO - pecos.xmc.xtransformer.matcher - | [   1/   1][  8500/ 10000] | 8499/18535 batches | ms/batch 530.8896 | train_loss 9.169558e-02 | lr 8.333333e-06
08/13/2024 16:36:52 - INFO - pecos.xmc.xtransformer.matcher - | [   1/   1][  9000/ 10000] | 8999/18535 batches | ms/batch 534.4175 | train_loss 9.151106e-02 | lr 5.555556e-06
08/13/2024 16:41:33 - INFO - pecos.xmc.xtransformer.matcher - | [   1/   1][  9500/ 10000] | 9499/18535 batches | ms/batch 534.3576 | train_loss 9.120012e-02 | lr 2.777778e-06
08/13/2024 16:46:14 - INFO - pecos.xmc.xtransformer.matcher - | [   1/   1][ 10000/ 10000] | 9999/18535 batches | ms/batch 534.2410 | train_loss 9.111504e-02 | lr 0.000000e+00
08/13/2024 16:46:14 - INFO - pecos.xmc.xtransformer.matcher - | **** saving model (avg_prec=0) to /scratch/slurm_tmpdir/job_23946292/tmpar85fpwr at global_step 10000 ****
08/13/2024 16:46:16 - INFO - pecos.xmc.xtransformer.matcher - -----------------------------------------------------------------------------------------
08/13/2024 16:46:18 - INFO - pecos.xmc.xtransformer.matcher - Reload the best checkpoint from /scratch/slurm_tmpdir/job_23946292/tmpar85fpwr
08/13/2024 16:46:23 - INFO - pecos.xmc.xtransformer.matcher - Predict with csr_codes_next((1186239, 1024)) with avr_nnz=400.0
08/13/2024 16:46:23 - INFO - pecos.xmc.xtransformer.module - Constructed XMCTextTensorizer, tokenized=True, len=1186239
08/13/2024 17:53:03 - INFO - pecos.xmc.xtransformer.matcher - Concatenating instance embeddings with features...
08/13/2024 17:53:29 - INFO - pecos.xmc.xtransformer.matcher - Start training concat_model of transformer matcher...
08/13/2024 18:02:57 - INFO - pecos.xmc.xtransformer.matcher - Using concat-only for transformer/concat ensemble of pred_csr
08/13/2024 18:03:35 - INFO - pecos.xmc.xtransformer.model - Fine-tuning XR-Transformer with tfn+man at level 2, nr_labels=13330, avr_M_nnz=50.04837052229778
08/13/2024 18:03:42 - INFO - pecos.xmc.xtransformer.matcher - Downloaded xlnet-base-cased model from s3.
08/13/2024 18:05:28 - INFO - pecos.xmc.xtransformer.matcher - trn tensors loaded_from /scratch/slurm_tmpdir/job_23946292/tmp7l8d_ddu/X_trn.pt
08/13/2024 18:05:28 - INFO - pecos.xmc.xtransformer.matcher - Continue training form given text_encoder!
08/13/2024 18:26:58 - INFO - pecos.xmc.xtransformer.matcher - Initialized transformer text_model with xlinear!
08/13/2024 18:26:59 - INFO - pecos.utils.torch_util - Setting device to cuda, number of active GPUs: 2
08/13/2024 18:27:01 - INFO - pecos.xmc.xtransformer.matcher - Start fine-tuning transformer matcher...
08/13/2024 18:27:06 - INFO - pecos.xmc.xtransformer.module - Constructed XMCTextTensorizer, tokenized=True, len=1186239
/home/ul/ul_student/ul_ruw26/.local/lib/python3.9/site-packages/transformers/optimization.py:429: FutureWarning: This implementation of AdamW is deprecated and will be removed in a future version. Use the PyTorch implementation torch.optim.AdamW instead, or set `no_deprecation_warning=True` to disable this warning
  warnings.warn(
08/13/2024 18:28:10 - INFO - pecos.xmc.xtransformer.matcher - ***** Running training *****
08/13/2024 18:28:10 - INFO - pecos.xmc.xtransformer.matcher -   Num examples = 1186239
08/13/2024 18:28:10 - INFO - pecos.xmc.xtransformer.matcher -   Num labels = 13330
08/13/2024 18:28:10 - INFO - pecos.xmc.xtransformer.matcher -   Num active labels per instance = 796
08/13/2024 18:28:10 - INFO - pecos.xmc.xtransformer.matcher -   Num Epochs = 2
08/13/2024 18:28:10 - INFO - pecos.xmc.xtransformer.matcher -   Learning Rate Schedule = linear
08/13/2024 18:28:10 - INFO - pecos.xmc.xtransformer.matcher -   Batch size = 64
08/13/2024 18:28:10 - INFO - pecos.xmc.xtransformer.matcher -   Gradient Accumulation steps = 1
08/13/2024 18:28:10 - INFO - pecos.xmc.xtransformer.matcher -   Total optimization steps = 30000
08/13/2024 18:33:39 - INFO - pecos.xmc.xtransformer.matcher - | [   1/   2][   500/ 30000] |  499/18535 batches | ms/batch 572.8645 | train_loss 2.406593e-01 | lr 2.500000e-05
08/13/2024 18:38:34 - INFO - pecos.xmc.xtransformer.matcher - | [   1/   2][  1000/ 30000] |  999/18535 batches | ms/batch 544.7907 | train_loss 2.235422e-01 | lr 5.000000e-05
08/13/2024 18:43:27 - INFO - pecos.xmc.xtransformer.matcher - | [   1/   2][  1500/ 30000] | 1499/18535 batches | ms/batch 543.7310 | train_loss 2.189759e-01 | lr 4.913793e-05
08/13/2024 18:48:21 - INFO - pecos.xmc.xtransformer.matcher - | [   1/   2][  2000/ 30000] | 1999/18535 batches | ms/batch 544.9524 | train_loss 2.147547e-01 | lr 4.827586e-05
08/13/2024 18:53:16 - INFO - pecos.xmc.xtransformer.matcher - | [   1/   2][  2500/ 30000] | 2499/18535 batches | ms/batch 543.9099 | train_loss 2.114670e-01 | lr 4.741379e-05
08/13/2024 18:58:09 - INFO - pecos.xmc.xtransformer.matcher - | [   1/   2][  3000/ 30000] | 2999/18535 batches | ms/batch 545.6474 | train_loss 2.097549e-01 | lr 4.655172e-05
08/13/2024 19:03:04 - INFO - pecos.xmc.xtransformer.matcher - | [   1/   2][  3500/ 30000] | 3499/18535 batches | ms/batch 543.9046 | train_loss 2.082893e-01 | lr 4.568966e-05
08/13/2024 19:07:59 - INFO - pecos.xmc.xtransformer.matcher - | [   1/   2][  4000/ 30000] | 3999/18535 batches | ms/batch 544.4644 | train_loss 2.072312e-01 | lr 4.482759e-05
08/13/2024 19:12:52 - INFO - pecos.xmc.xtransformer.matcher - | [   1/   2][  4500/ 30000] | 4499/18535 batches | ms/batch 544.1446 | train_loss 2.063819e-01 | lr 4.396552e-05
08/13/2024 19:17:47 - INFO - pecos.xmc.xtransformer.matcher - | [   1/   2][  5000/ 30000] | 4999/18535 batches | ms/batch 544.8644 | train_loss 2.053681e-01 | lr 4.310345e-05
08/13/2024 19:22:41 - INFO - pecos.xmc.xtransformer.matcher - | [   1/   2][  5500/ 30000] | 5499/18535 batches | ms/batch 543.7549 | train_loss 2.042839e-01 | lr 4.224138e-05
08/13/2024 19:27:35 - INFO - pecos.xmc.xtransformer.matcher - | [   1/   2][  6000/ 30000] | 5999/18535 batches | ms/batch 544.6379 | train_loss 2.038360e-01 | lr 4.137931e-05
08/13/2024 19:32:29 - INFO - pecos.xmc.xtransformer.matcher - | [   1/   2][  6500/ 30000] | 6499/18535 batches | ms/batch 546.1427 | train_loss 2.031385e-01 | lr 4.051724e-05
08/13/2024 19:37:30 - INFO - pecos.xmc.xtransformer.matcher - | [   1/   2][  7000/ 30000] | 6999/18535 batches | ms/batch 554.2127 | train_loss 2.023566e-01 | lr 3.965517e-05
08/13/2024 19:42:24 - INFO - pecos.xmc.xtransformer.matcher - | [   1/   2][  7500/ 30000] | 7499/18535 batches | ms/batch 544.8069 | train_loss 2.019310e-01 | lr 3.879310e-05
08/13/2024 19:47:19 - INFO - pecos.xmc.xtransformer.matcher - | [   1/   2][  8000/ 30000] | 7999/18535 batches | ms/batch 543.7642 | train_loss 2.013566e-01 | lr 3.793103e-05
08/13/2024 19:52:12 - INFO - pecos.xmc.xtransformer.matcher - | [   1/   2][  8500/ 30000] | 8499/18535 batches | ms/batch 543.5922 | train_loss 2.007870e-01 | lr 3.706897e-05
08/13/2024 19:57:06 - INFO - pecos.xmc.xtransformer.matcher - | [   1/   2][  9000/ 30000] | 8999/18535 batches | ms/batch 544.2312 | train_loss 2.003642e-01 | lr 3.620690e-05
08/13/2024 20:02:01 - INFO - pecos.xmc.xtransformer.matcher - | [   1/   2][  9500/ 30000] | 9499/18535 batches | ms/batch 543.7194 | train_loss 2.004092e-01 | lr 3.534483e-05
08/13/2024 20:06:59 - INFO - pecos.xmc.xtransformer.matcher - | [   1/   2][ 10000/ 30000] | 9999/18535 batches | ms/batch 551.0745 | train_loss 2.006577e-01 | lr 3.448276e-05
08/13/2024 20:06:59 - INFO - pecos.xmc.xtransformer.matcher - | **** saving model (avg_prec=0) to /scratch/slurm_tmpdir/job_23946292/tmps4m1kmp2 at global_step 10000 ****
08/13/2024 20:07:02 - INFO - pecos.xmc.xtransformer.matcher - -----------------------------------------------------------------------------------------
08/13/2024 20:11:55 - INFO - pecos.xmc.xtransformer.matcher - | [   1/   2][ 10500/ 30000] | 10499/18535 batches | ms/batch 546.4187 | train_loss 1.995797e-01 | lr 3.362069e-05
08/13/2024 20:16:41 - INFO - pecos.xmc.xtransformer.matcher - | [   1/   2][ 11000/ 30000] | 10999/18535 batches | ms/batch 531.6774 | train_loss 1.991317e-01 | lr 3.275862e-05
08/13/2024 20:21:26 - INFO - pecos.xmc.xtransformer.matcher - | [   1/   2][ 11500/ 30000] | 11499/18535 batches | ms/batch 533.0623 | train_loss 1.988096e-01 | lr 3.189655e-05
08/13/2024 20:26:12 - INFO - pecos.xmc.xtransformer.matcher - | [   1/   2][ 12000/ 30000] | 11999/18535 batches | ms/batch 531.5770 | train_loss 1.982792e-01 | lr 3.103448e-05
08/13/2024 20:30:58 - INFO - pecos.xmc.xtransformer.matcher - | [   1/   2][ 12500/ 30000] | 12499/18535 batches | ms/batch 530.6445 | train_loss 1.981930e-01 | lr 3.017241e-05
08/13/2024 20:35:43 - INFO - pecos.xmc.xtransformer.matcher - | [   1/   2][ 13000/ 30000] | 12999/18535 batches | ms/batch 530.2498 | train_loss 1.979629e-01 | lr 2.931034e-05
08/13/2024 20:40:31 - INFO - pecos.xmc.xtransformer.matcher - | [   1/   2][ 13500/ 30000] | 13499/18535 batches | ms/batch 535.5788 | train_loss 1.977569e-01 | lr 2.844828e-05
08/13/2024 20:45:18 - INFO - pecos.xmc.xtransformer.matcher - | [   1/   2][ 14000/ 30000] | 13999/18535 batches | ms/batch 532.9680 | train_loss 1.976672e-01 | lr 2.758621e-05
08/13/2024 20:50:03 - INFO - pecos.xmc.xtransformer.matcher - | [   1/   2][ 14500/ 30000] | 14499/18535 batches | ms/batch 531.8379 | train_loss 1.974956e-01 | lr 2.672414e-05
08/13/2024 20:54:49 - INFO - pecos.xmc.xtransformer.matcher - | [   1/   2][ 15000/ 30000] | 14999/18535 batches | ms/batch 532.5183 | train_loss 1.972837e-01 | lr 2.586207e-05
08/13/2024 20:59:36 - INFO - pecos.xmc.xtransformer.matcher - | [   1/   2][ 15500/ 30000] | 15499/18535 batches | ms/batch 530.2349 | train_loss 1.971086e-01 | lr 2.500000e-05
08/13/2024 21:04:21 - INFO - pecos.xmc.xtransformer.matcher - | [   1/   2][ 16000/ 30000] | 15999/18535 batches | ms/batch 531.4191 | train_loss 1.968216e-01 | lr 2.413793e-05
08/13/2024 21:09:07 - INFO - pecos.xmc.xtransformer.matcher - | [   1/   2][ 16500/ 30000] | 16499/18535 batches | ms/batch 533.8709 | train_loss 1.965063e-01 | lr 2.327586e-05
08/13/2024 21:13:54 - INFO - pecos.xmc.xtransformer.matcher - | [   1/   2][ 17000/ 30000] | 16999/18535 batches | ms/batch 531.6403 | train_loss 1.964254e-01 | lr 2.241379e-05
08/13/2024 21:18:39 - INFO - pecos.xmc.xtransformer.matcher - | [   1/   2][ 17500/ 30000] | 17499/18535 batches | ms/batch 532.2104 | train_loss 1.964172e-01 | lr 2.155172e-05
08/13/2024 21:23:25 - INFO - pecos.xmc.xtransformer.matcher - | [   1/   2][ 18000/ 30000] | 17999/18535 batches | ms/batch 531.8985 | train_loss 1.962264e-01 | lr 2.068966e-05
08/13/2024 21:28:18 - INFO - pecos.xmc.xtransformer.matcher - | [   1/   2][ 18500/ 30000] | 18499/18535 batches | ms/batch 545.7201 | train_loss 1.960092e-01 | lr 1.982759e-05
08/13/2024 21:33:30 - INFO - pecos.xmc.xtransformer.matcher - | [   2/   2][ 19000/ 30000] |  464/18535 batches | ms/batch 534.8687 | train_loss 1.953350e-01 | lr 1.896552e-05
08/13/2024 21:38:16 - INFO - pecos.xmc.xtransformer.matcher - | [   2/   2][ 19500/ 30000] |  964/18535 batches | ms/batch 532.3878 | train_loss 1.952736e-01 | lr 1.810345e-05
08/13/2024 21:43:02 - INFO - pecos.xmc.xtransformer.matcher - | [   2/   2][ 20000/ 30000] | 1464/18535 batches | ms/batch 533.7730 | train_loss 1.952317e-01 | lr 1.724138e-05
08/13/2024 21:43:02 - INFO - pecos.xmc.xtransformer.matcher - | **** saving model (avg_prec=0) to /scratch/slurm_tmpdir/job_23946292/tmps4m1kmp2 at global_step 20000 ****
08/13/2024 21:43:04 - INFO - pecos.xmc.xtransformer.matcher - -----------------------------------------------------------------------------------------
08/13/2024 21:47:51 - INFO - pecos.xmc.xtransformer.matcher - | [   2/   2][ 20500/ 30000] | 1964/18535 batches | ms/batch 535.9090 | train_loss 1.950383e-01 | lr 1.637931e-05
08/13/2024 21:52:37 - INFO - pecos.xmc.xtransformer.matcher - | [   2/   2][ 21000/ 30000] | 2464/18535 batches | ms/batch 533.5351 | train_loss 1.947730e-01 | lr 1.551724e-05
08/13/2024 21:57:22 - INFO - pecos.xmc.xtransformer.matcher - | [   2/   2][ 21500/ 30000] | 2964/18535 batches | ms/batch 531.1817 | train_loss 1.947937e-01 | lr 1.465517e-05
08/13/2024 22:02:09 - INFO - pecos.xmc.xtransformer.matcher - | [   2/   2][ 22000/ 30000] | 3464/18535 batches | ms/batch 533.9354 | train_loss 1.946614e-01 | lr 1.379310e-05
08/13/2024 22:06:56 - INFO - pecos.xmc.xtransformer.matcher - | [   2/   2][ 22500/ 30000] | 3964/18535 batches | ms/batch 537.8412 | train_loss 1.945536e-01 | lr 1.293103e-05
08/13/2024 22:11:42 - INFO - pecos.xmc.xtransformer.matcher - | [   2/   2][ 23000/ 30000] | 4464/18535 batches | ms/batch 534.2937 | train_loss 1.945011e-01 | lr 1.206897e-05
08/13/2024 22:16:28 - INFO - pecos.xmc.xtransformer.matcher - | [   2/   2][ 23500/ 30000] | 4964/18535 batches | ms/batch 531.2872 | train_loss 1.943605e-01 | lr 1.120690e-05
08/13/2024 22:21:15 - INFO - pecos.xmc.xtransformer.matcher - | [   2/   2][ 24000/ 30000] | 5464/18535 batches | ms/batch 535.0907 | train_loss 1.941572e-01 | lr 1.034483e-05
08/13/2024 22:26:04 - INFO - pecos.xmc.xtransformer.matcher - | [   2/   2][ 24500/ 30000] | 5964/18535 batches | ms/batch 538.7836 | train_loss 1.940894e-01 | lr 9.482759e-06
08/13/2024 22:30:52 - INFO - pecos.xmc.xtransformer.matcher - | [   2/   2][ 25000/ 30000] | 6464/18535 batches | ms/batch 534.2651 | train_loss 1.942334e-01 | lr 8.620690e-06
08/13/2024 22:35:46 - INFO - pecos.xmc.xtransformer.matcher - | [   2/   2][ 25500/ 30000] | 6964/18535 batches | ms/batch 545.7408 | train_loss 1.938689e-01 | lr 7.758621e-06
08/13/2024 22:40:32 - INFO - pecos.xmc.xtransformer.matcher - | [   2/   2][ 26000/ 30000] | 7464/18535 batches | ms/batch 530.8327 | train_loss 1.938893e-01 | lr 6.896552e-06
08/13/2024 22:45:18 - INFO - pecos.xmc.xtransformer.matcher - | [   2/   2][ 26500/ 30000] | 7964/18535 batches | ms/batch 533.4027 | train_loss 1.937643e-01 | lr 6.034483e-06
08/13/2024 22:50:05 - INFO - pecos.xmc.xtransformer.matcher - | [   2/   2][ 27000/ 30000] | 8464/18535 batches | ms/batch 534.8435 | train_loss 1.936853e-01 | lr 5.172414e-06
08/13/2024 22:54:52 - INFO - pecos.xmc.xtransformer.matcher - | [   2/   2][ 27500/ 30000] | 8964/18535 batches | ms/batch 536.7960 | train_loss 1.934790e-01 | lr 4.310345e-06
08/13/2024 22:59:38 - INFO - pecos.xmc.xtransformer.matcher - | [   2/   2][ 28000/ 30000] | 9464/18535 batches | ms/batch 531.8560 | train_loss 1.934217e-01 | lr 3.448276e-06
08/13/2024 23:04:24 - INFO - pecos.xmc.xtransformer.matcher - | [   2/   2][ 28500/ 30000] | 9964/18535 batches | ms/batch 532.0740 | train_loss 1.934567e-01 | lr 2.586207e-06
08/13/2024 23:09:12 - INFO - pecos.xmc.xtransformer.matcher - | [   2/   2][ 29000/ 30000] | 10464/18535 batches | ms/batch 535.9589 | train_loss 1.932824e-01 | lr 1.724138e-06
08/13/2024 23:13:58 - INFO - pecos.xmc.xtransformer.matcher - | [   2/   2][ 29500/ 30000] | 10964/18535 batches | ms/batch 531.9524 | train_loss 1.931942e-01 | lr 8.620690e-07
08/13/2024 23:18:46 - INFO - pecos.xmc.xtransformer.matcher - | [   2/   2][ 30000/ 30000] | 11464/18535 batches | ms/batch 533.9223 | train_loss 1.933862e-01 | lr 0.000000e+00
08/13/2024 23:18:46 - INFO - pecos.xmc.xtransformer.matcher - | **** saving model (avg_prec=0) to /scratch/slurm_tmpdir/job_23946292/tmps4m1kmp2 at global_step 30000 ****
08/13/2024 23:18:50 - INFO - pecos.xmc.xtransformer.matcher - -----------------------------------------------------------------------------------------
08/13/2024 23:18:53 - INFO - pecos.xmc.xtransformer.matcher - Reload the best checkpoint from /scratch/slurm_tmpdir/job_23946292/tmps4m1kmp2
08/13/2024 23:19:02 - INFO - pecos.xmc.xtransformer.matcher - Predict with csr_codes_next((1186239, 13330)) with avr_nnz=651.5335585830511
08/13/2024 23:19:02 - INFO - pecos.xmc.xtransformer.module - Constructed XMCTextTensorizer, tokenized=True, len=1186239
08/14/2024 00:27:00 - INFO - pecos.xmc.xtransformer.model - Constructed instance feature matrix with shape=(1186239, 204650)
08/14/2024 00:27:06 - INFO - pecos.xmc.xtransformer.model - Hierarchical label tree for ranker: [32, 256, 13330]
08/14/2024 00:27:06 - INFO - pecos.xmc.xtransformer.model - Start training ranker...
08/14/2024 00:27:07 - INFO - pecos.xmc.base - Training Layer 0 of 3 Layers in HierarchicalMLModel, neg_mining=tfn..
08/14/2024 00:27:55 - INFO - pecos.xmc.base - Training Layer 1 of 3 Layers in HierarchicalMLModel, neg_mining=tfn..
08/14/2024 00:28:37 - INFO - pecos.xmc.base - Training Layer 2 of 3 Layers in HierarchicalMLModel, neg_mining=tfn+man..
08/14/2024 01:46:26 - INFO - pecos.xmc.xtransformer.model - Parameters saved to models/amazoncat-13k/xlnet/param.json
08/14/2024 01:46:32 - INFO - pecos.xmc.xtransformer.model - Model saved to models/amazoncat-13k/xlnet
==== evaluation results ====
param: bert
prec   = 96.36 90.56 82.91 75.35 67.23 59.76 53.58 48.46 44.17 40.55 37.46 34.79 32.47 30.42 28.62 27.00 25.56 24.25 23.08 22.00
recall = 27.58 48.66 62.81 72.66 78.33 81.55 83.74 85.32 86.49 87.39 88.10 88.67 89.14 89.52 89.84 90.11 90.34 90.53 90.70 90.85
psp    = 0.00 0.00 0.00 0.00 0.00 0.00 0.00 0.00 0.00 0.00 0.00 0.00 0.00 0.00 0.00 0.00 0.00 0.00 0.00 0.00
r_prec = 81.32
param: roberta
prec   = 96.18 90.43 82.92 75.44 67.37 59.96 53.82 48.72 44.47 40.86 37.79 35.12 32.80 30.76 28.95 27.34 25.89 24.59 23.40 22.33
recall = 27.51 48.57 62.83 72.76 78.52 81.86 84.14 85.80 87.07 88.05 88.84 89.48 90.01 90.44 90.82 91.13 91.40 91.63 91.84 92.01
psp    = 0.00 0.00 0.00 0.00 0.00 0.00 0.00 0.00 0.00 0.00 0.00 0.00 0.00 0.00 0.00 0.00 0.00 0.00 0.00 0.00
r_prec = 81.45
param: xlnet
prec   = 96.10 90.29 82.80 75.31 67.27 59.87 53.73 48.64 44.39 40.79 37.72 35.06 32.75 30.71 28.91 27.30 25.86 24.56 23.38 22.30
recall = 27.48 48.48 62.73 72.65 78.42 81.75 84.04 85.70 86.97 87.95 88.73 89.37 89.90 90.35 90.73 91.05 91.32 91.56 91.76 91.94
psp    = 0.00 0.00 0.00 0.00 0.00 0.00 0.00 0.00 0.00 0.00 0.00 0.00 0.00 0.00 0.00 0.00 0.00 0.00 0.00 0.00
r_prec = 81.28
==== softmax_average ensemble results ====
prec   = 96.54 90.89 83.38 75.87 67.76 60.27 54.05 48.88 44.56 40.90 37.78 35.08 32.74 30.68 28.86 27.23 25.77 24.45 23.26 22.17
recall = 27.63 48.83 63.15 73.13 78.88 82.15 84.35 85.91 87.06 87.94 88.64 89.21 89.67 90.06 90.39 90.67 90.91 91.11 91.29 91.46
psp    = 0.00 0.00 0.00 0.00 0.00 0.00 0.00 0.00 0.00 0.00 0.00 0.00 0.00 0.00 0.00 0.00 0.00 0.00 0.00 0.00
r_prec = 82.02

============================= JOB FEEDBACK =============================

NodeName=uc2n910
Job ID: 23946292
Cluster: uc2
User/Group: ul_ruw26/ul_student
State: COMPLETED (exit code 0)
Nodes: 1
Cores per node: 32
CPU Utilized: 8-19:42:45
CPU Efficiency: 21.65% of 40-17:57:20 core-walltime
Job Wall-clock time: 1-06:33:40
Memory Utilized: 190.29 GB
Memory Efficiency: 77.94% of 244.14 GB
