wiki-500k
UUID is 2024-05-14-09-52-47
--- start training of bert1 ---
05/14/2024 09:54:13 - INFO - __main__ - Setting random seed 0
05/14/2024 09:54:20 - INFO - __main__ - Loaded training feature matrix with shape=(1779881, 2381304)
05/14/2024 09:54:21 - INFO - __main__ - Loaded training label matrix with shape=(1779881, 501070)
05/14/2024 09:54:43 - INFO - __main__ - Loaded 1779881 training sequences
05/14/2024 09:58:40 - INFO - pecos.xmc.xtransformer.model - Hierarchical label tree: [64, 512, 4096, 32768, 501070]
05/14/2024 09:58:40 - INFO - pecos.xmc.xtransformer.model - Fine-tune Transformers with nr_labels=[64, 512, 4096, 32768]
05/14/2024 09:58:40 - INFO - pecos.xmc.xtransformer.model - Fine-tuning XR-Transformer with tfn+man at level 0, nr_labels=64, avr_M_nnz=64
05/14/2024 09:58:46 - INFO - pecos.xmc.xtransformer.matcher - Downloaded bert-base-uncased model from s3.
05/14/2024 09:58:46 - INFO - pecos.xmc.xtransformer.matcher - ***** Encoding data len=1779881 truncation=128*****
05/14/2024 10:04:57 - INFO - pecos.xmc.xtransformer.matcher - ***** Finished with time cost=371.23451042175293 *****
/var/spool/slurmd/job23597242/slurm_script: line 33: 526063 Killed                  python3 -m pecos.xmc.xtransformer.train -t ./xmc-base/$dataset/X.trn.txt -x ./xmc-base/$dataset/tfidf-attnxml/X.trn.npz -y ./xmc-base/$dataset/Y.trn.npz -m ./trained-models/$dataset/$model --params-path ./params/$dataset/$model/params.json
--- start prediction of bert1 ---
Traceback (most recent call last):
  File "/home/ul/ul_student/ul_ruw26/miniconda3/envs/xr_transformer_env/lib/python3.9/runpy.py", line 197, in _run_module_as_main
    return _run_code(code, main_globals, None,
  File "/home/ul/ul_student/ul_ruw26/miniconda3/envs/xr_transformer_env/lib/python3.9/runpy.py", line 87, in _run_code
    exec(code, run_globals)
  File "/pfs/data5/home/ul/ul_student/ul_ruw26/XMC_HTC/XMLmodels/pecos/pecos/xmc/xtransformer/predict.py", line 176, in <module>
    do_predict(args)
  File "/pfs/data5/home/ul/ul_student/ul_ruw26/XMC_HTC/XMLmodels/pecos/pecos/xmc/xtransformer/predict.py", line 145, in do_predict
    xtf = XTransformer.load(args.model_folder)
  File "/pfs/data5/home/ul/ul_student/ul_ruw26/XMC_HTC/XMLmodels/pecos/pecos/xmc/xtransformer/model.py", line 195, in load
    raise ValueError(f"load dir does not exist at: {load_dir}")
ValueError: load dir does not exist at: ./trained-models/wiki-500k/bert1
--- start evaluation of bert1 ---
Traceback (most recent call last):
  File "/home/ul/ul_student/ul_ruw26/miniconda3/envs/xr_transformer_env/lib/python3.9/runpy.py", line 197, in _run_module_as_main
    return _run_code(code, main_globals, None,
  File "/home/ul/ul_student/ul_ruw26/miniconda3/envs/xr_transformer_env/lib/python3.9/runpy.py", line 87, in _run_code
    exec(code, run_globals)
  File "/pfs/data5/home/ul/ul_student/ul_ruw26/XMC_HTC/XMLmodels/pecos/pecos/xmc/xlinear/evaluate.py", line 72, in <module>
    do_evaluation(args)
  File "/pfs/data5/home/ul/ul_student/ul_ruw26/XMC_HTC/XMLmodels/pecos/pecos/xmc/xlinear/evaluate.py", line 63, in do_evaluation
    Y_pred = smat_util.load_matrix(args.pred_path).tocsr()
  File "/pfs/data5/home/ul/ul_student/ul_ruw26/XMC_HTC/XMLmodels/pecos/pecos/utils/smat_util.py", line 117, in load_matrix
    mat = np.load(src)
  File "/home/ul/ul_student/ul_ruw26/miniconda3/envs/xr_transformer_env/lib/python3.9/site-packages/numpy/lib/npyio.py", line 427, in load
    fid = stack.enter_context(open(os_fspath(file), "rb"))
FileNotFoundError: [Errno 2] No such file or directory: './predictions/wiki-500k/2024-05-14-09-52-47/bert1'
slurmstepd: error: Detected 1 oom_kill event in StepId=23597242.batch. Some of the step tasks have been OOM Killed.

============================= JOB FEEDBACK =============================

NodeName=uc2n904
Job ID: 23597242
Cluster: uc2
User/Group: ul_ruw26/ul_student
State: OUT_OF_MEMORY (exit code 0)
Nodes: 1
Cores per node: 64
CPU Utilized: 07:34:02
CPU Efficiency: 37.94% of 19:56:48 core-walltime
Job Wall-clock time: 00:18:42
Memory Utilized: 493.04 GB
Memory Efficiency: 98.99% of 498.05 GB
